#
# There is insufficient memory for the Java Runtime Environment to continue.
# Native memory allocation (malloc) failed to allocate 2096496 bytes for Chunk::new
# Possible reasons:
#   The system is out of physical RAM or swap space
#   The process is running with CompressedOops enabled, and the Java Heap may be blocking the growth of the native heap
# Possible solutions:
#   Reduce memory load on the system
#   Increase physical memory or swap space
#   Check if swap backing store is full
#   Decrease Java heap size (-Xmx/-Xms)
#   Decrease number of Java threads
#   Decrease Java thread stack sizes (-Xss)
#   Set larger code cache with -XX:ReservedCodeCacheSize=
#   JVM is running with Unscaled Compressed Oops mode in which the Java heap is
#     placed in the first 4GB address space. The Java Heap base address is the
#     maximum limit for the native heap growth. Please use -XX:HeapBaseMinAddress
#     to set the Java Heap base and to place the Java Heap above 4GB virtual address.
# This output file may be truncated or incomplete.
#
#  Out of Memory Error (./src/hotspot/share/memory/arena.cpp:197), pid=12132, tid=10548
#
# JRE version: OpenJDK Runtime Environment 18.9 (11.0.15+10) (build 11.0.15+10)
# Java VM: OpenJDK 64-Bit Server VM 18.9 (11.0.15+10, mixed mode, tiered, compressed oops, g1 gc, windows-amd64)
# No core dump will be written. Minidumps are not enabled by default on client versions of Windows
#

---------------  S U M M A R Y ------------

Command Line: -XX:MaxMetaspaceSize=512m --add-opens=java.base/java.util=ALL-UNNAMED --add-opens=java.base/java.lang=ALL-UNNAMED --add-opens=java.base/java.lang.invoke=ALL-UNNAMED --add-opens=java.base/java.util=ALL-UNNAMED --add-opens=java.prefs/java.util.prefs=ALL-UNNAMED --add-opens=java.prefs/java.util.prefs=ALL-UNNAMED --add-opens=java.base/java.nio.charset=ALL-UNNAMED --add-opens=java.base/java.net=ALL-UNNAMED --add-opens=java.base/java.util.concurrent.atomic=ALL-UNNAMED -Xmx2048m -Dfile.encoding=windows-1252 -Duser.country=US -Duser.language=en -Duser.variant org.gradle.launcher.daemon.bootstrap.GradleDaemon 7.5.1

Host: Intel(R) Core(TM) i7-5600U CPU @ 2.60GHz, 4 cores, 7G,  Windows 10 , 64 bit Build 19041 (10.0.19041.2913)
Time: Thu May 18 16:28:57 2023 Pakistan Standard Time elapsed time: 10.659434 seconds (0d 0h 0m 10s)

---------------  T H R E A D  ---------------

Current thread (0x00000248b4d6e800):  JavaThread "C2 CompilerThread1" daemon [_thread_in_native, id=10548, stack(0x000000ddfaf00000,0x000000ddfb000000)]


Current CompileTask:
C2:  10659 3582       4       org.codehaus.groovy.runtime.metaclass.MetaMethodIndex::addMethodToList (131 bytes)

Stack: [0x000000ddfaf00000,0x000000ddfb000000]
Native frames: (J=compiled Java code, j=interpreted, Vv=VM code, C=native code)
V  [jvm.dll+0x64dd3a]
V  [jvm.dll+0x7906c9]
V  [jvm.dll+0x791d9c]
V  [jvm.dll+0x792463]
V  [jvm.dll+0x265048]
V  [jvm.dll+0xc9da1]
V  [jvm.dll+0xca35c]
V  [jvm.dll+0x37c122]
V  [jvm.dll+0x347153]
V  [jvm.dll+0x34647a]
V  [jvm.dll+0x21e085]
V  [jvm.dll+0x21d25a]
V  [jvm.dll+0x19dd21]
V  [jvm.dll+0x22cc80]
V  [jvm.dll+0x22af81]
V  [jvm.dll+0x75254c]
V  [jvm.dll+0x74b12d]
V  [jvm.dll+0x64c8a6]
C  [ucrtbase.dll+0x21bb2]
C  [KERNEL32.DLL+0x17614]
C  [ntdll.dll+0x526a1]


---------------  P R O C E S S  ---------------

Threads class SMR info:
_java_thread_list=0x00000248b6374fb0, length=36, elements={
0x0000024893512800, 0x00000248b1d32800, 0x00000248b1d2a800, 0x00000248b1d87000,
0x00000248b1d88000, 0x00000248b1d89800, 0x00000248b1d92800, 0x00000248b1d96800,
0x00000248b1d98800, 0x00000248b2800000, 0x00000248b4582800, 0x00000248b423c800,
0x00000248b4920000, 0x00000248b591f000, 0x00000248b406a000, 0x00000248b4871800,
0x00000248b3555800, 0x00000248b5662000, 0x00000248b36c5800, 0x00000248b39ee800,
0x00000248b447b800, 0x00000248b447b000, 0x00000248b447d000, 0x00000248b447c800,
0x00000248b4479000, 0x00000248b447e000, 0x00000248b4478800, 0x00000248b447f000,
0x00000248b4d6e800, 0x00000248b447a000, 0x00000248b59a2800, 0x00000248b59a1800,
0x00000248b599e800, 0x00000248b59a0000, 0x00000248b59a3800, 0x00000248b59a5000
}

Java Threads: ( => current thread )
  0x0000024893512800 JavaThread "main" [_thread_blocked, id=13888, stack(0x000000ddf8900000,0x000000ddf8a00000)]
  0x00000248b1d32800 JavaThread "Reference Handler" daemon [_thread_blocked, id=12312, stack(0x000000ddf9000000,0x000000ddf9100000)]
  0x00000248b1d2a800 JavaThread "Finalizer" daemon [_thread_blocked, id=12380, stack(0x000000ddf9100000,0x000000ddf9200000)]
  0x00000248b1d87000 JavaThread "Signal Dispatcher" daemon [_thread_blocked, id=4748, stack(0x000000ddf9200000,0x000000ddf9300000)]
  0x00000248b1d88000 JavaThread "Attach Listener" daemon [_thread_blocked, id=7180, stack(0x000000ddf9300000,0x000000ddf9400000)]
  0x00000248b1d89800 JavaThread "Service Thread" daemon [_thread_blocked, id=12852, stack(0x000000ddf9400000,0x000000ddf9500000)]
  0x00000248b1d92800 JavaThread "C2 CompilerThread0" daemon [_thread_in_native, id=13248, stack(0x000000ddf9500000,0x000000ddf9600000)]
  0x00000248b1d96800 JavaThread "C1 CompilerThread0" daemon [_thread_blocked, id=2204, stack(0x000000ddf9600000,0x000000ddf9700000)]
  0x00000248b1d98800 JavaThread "Sweeper thread" daemon [_thread_blocked, id=1212, stack(0x000000ddf9700000,0x000000ddf9800000)]
  0x00000248b2800000 JavaThread "Common-Cleaner" daemon [_thread_blocked, id=10244, stack(0x000000ddf9800000,0x000000ddf9900000)]
  0x00000248b4582800 JavaThread "Daemon health stats" [_thread_blocked, id=9000, stack(0x000000ddf9c00000,0x000000ddf9d00000)]
  0x00000248b423c800 JavaThread "Incoming local TCP Connector on port 61550" [_thread_in_native, id=1364, stack(0x000000ddf9a00000,0x000000ddf9b00000)]
  0x00000248b4920000 JavaThread "Daemon periodic checks" [_thread_blocked, id=4344, stack(0x000000ddf9d00000,0x000000ddf9e00000)]
  0x00000248b591f000 JavaThread "Daemon" [_thread_blocked, id=7720, stack(0x000000ddf9e00000,0x000000ddf9f00000)]
  0x00000248b406a000 JavaThread "Handler for socket connection from /127.0.0.1:61550 to /127.0.0.1:61551" [_thread_in_native, id=14172, stack(0x000000ddf9f00000,0x000000ddfa000000)]
  0x00000248b4871800 JavaThread "Cancel handler" [_thread_blocked, id=9084, stack(0x000000ddfa000000,0x000000ddfa100000)]
  0x00000248b3555800 JavaThread "Daemon worker" [_thread_in_vm, id=1572, stack(0x000000ddfa100000,0x000000ddfa200000)]
  0x00000248b5662000 JavaThread "Asynchronous log dispatcher for DefaultDaemonConnection: socket connection from /127.0.0.1:61550 to /127.0.0.1:61551" [_thread_in_vm, id=3868, stack(0x000000ddfa200000,0x000000ddfa300000)]
  0x00000248b36c5800 JavaThread "Stdin handler" [_thread_blocked, id=12840, stack(0x000000ddfa300000,0x000000ddfa400000)]
  0x00000248b39ee800 JavaThread "Daemon client event forwarder" [_thread_blocked, id=5876, stack(0x000000ddfa400000,0x000000ddfa500000)]
  0x00000248b447b800 JavaThread "Cache worker for journal cache (C:\Users\Sarmad\.gradle\caches\journal-1)" [_thread_blocked, id=4640, stack(0x000000ddfa700000,0x000000ddfa800000)]
  0x00000248b447b000 JavaThread "File lock request listener" [_thread_in_native, id=9228, stack(0x000000ddfa800000,0x000000ddfa900000)]
  0x00000248b447d000 JavaThread "Cache worker for file hash cache (C:\Users\Sarmad\.gradle\caches\7.5.1\fileHashes)" [_thread_blocked, id=8024, stack(0x000000ddfa900000,0x000000ddfaa00000)]
  0x00000248b447c800 JavaThread "File watcher server" daemon [_thread_in_native, id=12848, stack(0x000000ddfab00000,0x000000ddfac00000)]
  0x00000248b4479000 JavaThread "File watcher consumer" daemon [_thread_blocked, id=10004, stack(0x000000ddfac00000,0x000000ddfad00000)]
  0x00000248b447e000 JavaThread "Cache worker for checksums cache (E:\FYP\inventory\android\.gradle\7.5.1\checksums)" [_thread_blocked, id=9916, stack(0x000000ddfaa00000,0x000000ddfab00000)]
  0x00000248b4478800 JavaThread "Cache worker for cache directory md-rule (C:\Users\Sarmad\.gradle\caches\7.5.1\md-rule)" [_thread_blocked, id=2880, stack(0x000000ddfad00000,0x000000ddfae00000)]
  0x00000248b447f000 JavaThread "Cache worker for file content cache (C:\Users\Sarmad\.gradle\caches\7.5.1\fileContent)" [_thread_blocked, id=10364, stack(0x000000ddfae00000,0x000000ddfaf00000)]
=>0x00000248b4d6e800 JavaThread "C2 CompilerThread1" daemon [_thread_in_native, id=10548, stack(0x000000ddfaf00000,0x000000ddfb000000)]
  0x00000248b447a000 JavaThread "Cache worker for file hash cache (E:\FYP\inventory\android\.gradle\7.5.1\fileHashes)" [_thread_blocked, id=6888, stack(0x000000ddfb000000,0x000000ddfb100000)]
  0x00000248b59a2800 JavaThread "Cache worker for cache directory md-supplier (C:\Users\Sarmad\.gradle\caches\7.5.1\md-supplier)" [_thread_blocked, id=14176, stack(0x000000ddfb100000,0x000000ddfb200000)]
  0x00000248b59a1800 JavaThread "Cache worker for execution history cache (C:\Users\Sarmad\.gradle\caches\7.5.1\executionHistory)" [_thread_blocked, id=12676, stack(0x000000ddfb200000,0x000000ddfb300000)]
  0x00000248b599e800 JavaThread "jar transforms" [_thread_blocked, id=8840, stack(0x000000ddfb300000,0x000000ddfb400000)]
  0x00000248b59a0000 JavaThread "jar transforms Thread 2" [_thread_blocked, id=9888, stack(0x000000ddfb400000,0x000000ddfb500000)]
  0x00000248b59a3800 JavaThread "jar transforms Thread 3" [_thread_blocked, id=1088, stack(0x000000ddfb500000,0x000000ddfb600000)]
  0x00000248b59a5000 JavaThread "jar transforms Thread 4" [_thread_blocked, id=8112, stack(0x000000ddfb600000,0x000000ddfb700000)]

Other Threads:
  0x00000248b1d1f000 VMThread "VM Thread" [stack: 0x000000ddf8f00000,0x000000ddf9000000] [id=6608]
  0x00000248b283c000 WatcherThread [stack: 0x000000ddf9900000,0x000000ddf9a00000] [id=13288]
  0x000002489352a800 GCTaskThread "GC Thread#0" [stack: 0x000000ddf8a00000,0x000000ddf8b00000] [id=11392]
  0x00000248b2b7b800 GCTaskThread "GC Thread#1" [stack: 0x000000ddf9b00000,0x000000ddf9c00000] [id=8936]
  0x00000248b3c4d000 GCTaskThread "GC Thread#2" [stack: 0x000000ddfa500000,0x000000ddfa600000] [id=9904]
  0x00000248b3c6a000 GCTaskThread "GC Thread#3" [stack: 0x000000ddfa600000,0x000000ddfa700000] [id=12352]
  0x000002489355c800 ConcurrentGCThread "G1 Main Marker" [stack: 0x000000ddf8b00000,0x000000ddf8c00000] [id=14316]
  0x000002489355e800 ConcurrentGCThread "G1 Conc#0" [stack: 0x000000ddf8c00000,0x000000ddf8d00000] [id=13180]
  0x00000248935dd800 ConcurrentGCThread "G1 Refine#0" [stack: 0x000000ddf8d00000,0x000000ddf8e00000] [id=8396]
  0x00000248935de800 ConcurrentGCThread "G1 Young RemSet Sampling" [stack: 0x000000ddf8e00000,0x000000ddf8f00000] [id=12072]

Threads with active compile tasks:
C2 CompilerThread0    10701 3585       4       groovy.lang.MetaClassImpl$1MOPIter::methodNameAction (325 bytes)
C2 CompilerThread1    10701 3582       4       org.codehaus.groovy.runtime.metaclass.MetaMethodIndex::addMethodToList (131 bytes)

VM state:not at safepoint (normal execution)

VM Mutex/Monitor currently owned by a thread: None

Heap address: 0x0000000080000000, size: 2048 MB, Compressed Oops mode: 32-bit
Narrow klass base: 0x0000000000000000, Narrow klass shift: 3
Compressed class space size: 528482304 Address: 0x0000000100000000

Heap:
 garbage-first heap   total 152576K, used 42844K [0x0000000080000000, 0x0000000100000000)
  region size 1024K, 24 young (24576K), 7 survivors (7168K)
 Metaspace       used 40516K, capacity 41529K, committed 41680K, reserved 552960K
  class space    used 5092K, capacity 5449K, committed 5504K, reserved 516096K
Heap Regions: E=young(eden), S=young(survivor), O=old, HS=humongous(starts), HC=humongous(continues), CS=collection set, F=free, A=archive, TAMS=top-at-mark-start (previous, next)
|   0|0x0000000080000000, 0x0000000080100000, 0x0000000080100000|100%|HS|  |TAMS 0x0000000080100000, 0x0000000080000000| Complete 
|   1|0x0000000080100000, 0x0000000080200000, 0x0000000080200000|100%|HC|  |TAMS 0x0000000080200000, 0x0000000080100000| Complete 
|   2|0x0000000080200000, 0x0000000080300000, 0x0000000080300000|100%|HC|  |TAMS 0x0000000080300000, 0x0000000080200000| Complete 
|   3|0x0000000080300000, 0x0000000080400000, 0x0000000080400000|100%| O|  |TAMS 0x0000000080400000, 0x0000000080300000| Untracked 
|   4|0x0000000080400000, 0x0000000080500000, 0x0000000080500000|100%| O|  |TAMS 0x0000000080500000, 0x0000000080400000| Untracked 
|   5|0x0000000080500000, 0x0000000080600000, 0x0000000080600000|100%| O|  |TAMS 0x0000000080600000, 0x0000000080500000| Untracked 
|   6|0x0000000080600000, 0x0000000080700000, 0x0000000080700000|100%| O|  |TAMS 0x0000000080700000, 0x0000000080600000| Untracked 
|   7|0x0000000080700000, 0x0000000080800000, 0x0000000080800000|100%| O|  |TAMS 0x0000000080800000, 0x0000000080700000| Untracked 
|   8|0x0000000080800000, 0x0000000080900000, 0x0000000080900000|100%| O|  |TAMS 0x0000000080900000, 0x0000000080800000| Untracked 
|   9|0x0000000080900000, 0x0000000080a00000, 0x0000000080a00000|100%| O|  |TAMS 0x0000000080a00000, 0x0000000080900000| Untracked 
|  10|0x0000000080a00000, 0x0000000080b00000, 0x0000000080b00000|100%| O|  |TAMS 0x0000000080b00000, 0x0000000080a00000| Untracked 
|  11|0x0000000080b00000, 0x0000000080c00000, 0x0000000080c00000|100%| O|  |TAMS 0x0000000080c00000, 0x0000000080b00000| Untracked 
|  12|0x0000000080c00000, 0x0000000080d00000, 0x0000000080d00000|100%| O|  |TAMS 0x0000000080d00000, 0x0000000080c00000| Untracked 
|  13|0x0000000080d00000, 0x0000000080e00000, 0x0000000080e00000|100%| O|  |TAMS 0x0000000080e00000, 0x0000000080d00000| Untracked 
|  14|0x0000000080e00000, 0x0000000080f00000, 0x0000000080f00000|100%| O|  |TAMS 0x0000000080f00000, 0x0000000080e00000| Untracked 
|  15|0x0000000080f00000, 0x0000000081000000, 0x0000000081000000|100%| O|  |TAMS 0x0000000081000000, 0x0000000080f00000| Untracked 
|  16|0x0000000081000000, 0x0000000081100000, 0x0000000081100000|100%| O|  |TAMS 0x000000008108fe00, 0x0000000081000000| Untracked 
|  17|0x0000000081100000, 0x0000000081100000, 0x0000000081200000|  0%| F|  |TAMS 0x0000000081100000, 0x0000000081100000| Untracked 
|  18|0x0000000081200000, 0x0000000081200000, 0x0000000081300000|  0%| F|  |TAMS 0x0000000081200000, 0x0000000081200000| Untracked 
|  19|0x0000000081300000, 0x0000000081300000, 0x0000000081400000|  0%| F|  |TAMS 0x0000000081300000, 0x0000000081300000| Untracked 
|  20|0x0000000081400000, 0x0000000081500000, 0x0000000081500000|100%| O|  |TAMS 0x0000000081400000, 0x0000000081400000| Untracked 
|  21|0x0000000081500000, 0x00000000815d7000, 0x0000000081600000| 83%| O|  |TAMS 0x0000000081500000, 0x0000000081500000| Untracked 
|  22|0x0000000081600000, 0x0000000081600000, 0x0000000081700000|  0%| F|  |TAMS 0x0000000081600000, 0x0000000081600000| Untracked 
|  23|0x0000000081700000, 0x0000000081700000, 0x0000000081800000|  0%| F|  |TAMS 0x0000000081700000, 0x0000000081700000| Untracked 
|  24|0x0000000081800000, 0x0000000081800000, 0x0000000081900000|  0%| F|  |TAMS 0x0000000081800000, 0x0000000081800000| Untracked 
|  25|0x0000000081900000, 0x0000000081900000, 0x0000000081a00000|  0%| F|  |TAMS 0x0000000081900000, 0x0000000081900000| Untracked 
|  26|0x0000000081a00000, 0x0000000081a00000, 0x0000000081b00000|  0%| F|  |TAMS 0x0000000081a00000, 0x0000000081a00000| Untracked 
|  27|0x0000000081b00000, 0x0000000081b00000, 0x0000000081c00000|  0%| F|  |TAMS 0x0000000081b00000, 0x0000000081b00000| Untracked 
|  28|0x0000000081c00000, 0x0000000081c00000, 0x0000000081d00000|  0%| F|  |TAMS 0x0000000081c00000, 0x0000000081c00000| Untracked 
|  29|0x0000000081d00000, 0x0000000081d00000, 0x0000000081e00000|  0%| F|  |TAMS 0x0000000081d00000, 0x0000000081d00000| Untracked 
|  30|0x0000000081e00000, 0x0000000081e00000, 0x0000000081f00000|  0%| F|  |TAMS 0x0000000081e00000, 0x0000000081e00000| Untracked 
|  31|0x0000000081f00000, 0x0000000081f00000, 0x0000000082000000|  0%| F|  |TAMS 0x0000000081f00000, 0x0000000081f00000| Untracked 
|  32|0x0000000082000000, 0x0000000082000000, 0x0000000082100000|  0%| F|  |TAMS 0x0000000082000000, 0x0000000082000000| Untracked 
|  33|0x0000000082100000, 0x0000000082100000, 0x0000000082200000|  0%| F|  |TAMS 0x0000000082100000, 0x0000000082100000| Untracked 
|  34|0x0000000082200000, 0x0000000082200000, 0x0000000082300000|  0%| F|  |TAMS 0x0000000082200000, 0x0000000082200000| Untracked 
|  35|0x0000000082300000, 0x0000000082300000, 0x0000000082400000|  0%| F|  |TAMS 0x0000000082300000, 0x0000000082300000| Untracked 
|  36|0x0000000082400000, 0x0000000082400000, 0x0000000082500000|  0%| F|  |TAMS 0x0000000082400000, 0x0000000082400000| Untracked 
|  37|0x0000000082500000, 0x0000000082500000, 0x0000000082600000|  0%| F|  |TAMS 0x0000000082500000, 0x0000000082500000| Untracked 
|  38|0x0000000082600000, 0x0000000082600000, 0x0000000082700000|  0%| F|  |TAMS 0x0000000082600000, 0x0000000082600000| Untracked 
|  39|0x0000000082700000, 0x0000000082700000, 0x0000000082800000|  0%| F|  |TAMS 0x0000000082700000, 0x0000000082700000| Untracked 
|  40|0x0000000082800000, 0x0000000082800000, 0x0000000082900000|  0%| F|  |TAMS 0x0000000082800000, 0x0000000082800000| Untracked 
|  41|0x0000000082900000, 0x0000000082900000, 0x0000000082a00000|  0%| F|  |TAMS 0x0000000082900000, 0x0000000082900000| Untracked 
|  42|0x0000000082a00000, 0x0000000082a00000, 0x0000000082b00000|  0%| F|  |TAMS 0x0000000082a00000, 0x0000000082a00000| Untracked 
|  43|0x0000000082b00000, 0x0000000082b00000, 0x0000000082c00000|  0%| F|  |TAMS 0x0000000082b00000, 0x0000000082b00000| Untracked 
|  44|0x0000000082c00000, 0x0000000082c00000, 0x0000000082d00000|  0%| F|  |TAMS 0x0000000082c00000, 0x0000000082c00000| Untracked 
|  45|0x0000000082d00000, 0x0000000082d00000, 0x0000000082e00000|  0%| F|  |TAMS 0x0000000082d00000, 0x0000000082d00000| Untracked 
|  46|0x0000000082e00000, 0x0000000082e00000, 0x0000000082f00000|  0%| F|  |TAMS 0x0000000082e00000, 0x0000000082e00000| Untracked 
|  47|0x0000000082f00000, 0x0000000082f00000, 0x0000000083000000|  0%| F|  |TAMS 0x0000000082f00000, 0x0000000082f00000| Untracked 
|  48|0x0000000083000000, 0x0000000083000000, 0x0000000083100000|  0%| F|  |TAMS 0x0000000083000000, 0x0000000083000000| Untracked 
|  49|0x0000000083100000, 0x0000000083100000, 0x0000000083200000|  0%| F|  |TAMS 0x0000000083100000, 0x0000000083100000| Untracked 
|  50|0x0000000083200000, 0x0000000083200000, 0x0000000083300000|  0%| F|  |TAMS 0x0000000083200000, 0x0000000083200000| Untracked 
|  51|0x0000000083300000, 0x0000000083300000, 0x0000000083400000|  0%| F|  |TAMS 0x0000000083300000, 0x0000000083300000| Untracked 
|  52|0x0000000083400000, 0x0000000083400000, 0x0000000083500000|  0%| F|  |TAMS 0x0000000083400000, 0x0000000083400000| Untracked 
|  53|0x0000000083500000, 0x0000000083500000, 0x0000000083600000|  0%| F|  |TAMS 0x0000000083500000, 0x0000000083500000| Untracked 
|  54|0x0000000083600000, 0x0000000083600000, 0x0000000083700000|  0%| F|  |TAMS 0x0000000083600000, 0x0000000083600000| Untracked 
|  55|0x0000000083700000, 0x0000000083700000, 0x0000000083800000|  0%| F|  |TAMS 0x0000000083700000, 0x0000000083700000| Untracked 
|  56|0x0000000083800000, 0x0000000083800000, 0x0000000083900000|  0%| F|  |TAMS 0x0000000083800000, 0x0000000083800000| Untracked 
|  57|0x0000000083900000, 0x0000000083900000, 0x0000000083a00000|  0%| F|  |TAMS 0x0000000083900000, 0x0000000083900000| Untracked 
|  58|0x0000000083a00000, 0x0000000083a00000, 0x0000000083b00000|  0%| F|  |TAMS 0x0000000083a00000, 0x0000000083a00000| Untracked 
|  59|0x0000000083b00000, 0x0000000083b00000, 0x0000000083c00000|  0%| F|  |TAMS 0x0000000083b00000, 0x0000000083b00000| Untracked 
|  60|0x0000000083c00000, 0x0000000083c00000, 0x0000000083d00000|  0%| F|  |TAMS 0x0000000083c00000, 0x0000000083c00000| Untracked 
|  61|0x0000000083d00000, 0x0000000083d00000, 0x0000000083e00000|  0%| F|  |TAMS 0x0000000083d00000, 0x0000000083d00000| Untracked 
|  62|0x0000000083e00000, 0x0000000083e00000, 0x0000000083f00000|  0%| F|  |TAMS 0x0000000083e00000, 0x0000000083e00000| Untracked 
|  63|0x0000000083f00000, 0x0000000084000000, 0x0000000084000000|100%| S|CS|TAMS 0x0000000083f00000, 0x0000000083f00000| Complete 
|  64|0x0000000084000000, 0x0000000084100000, 0x0000000084100000|100%| S|CS|TAMS 0x0000000084000000, 0x0000000084000000| Complete 
|  65|0x0000000084100000, 0x0000000084200000, 0x0000000084200000|100%| S|CS|TAMS 0x0000000084100000, 0x0000000084100000| Complete 
|  66|0x0000000084200000, 0x0000000084300000, 0x0000000084300000|100%| S|CS|TAMS 0x0000000084200000, 0x0000000084200000| Complete 
|  67|0x0000000084300000, 0x0000000084400000, 0x0000000084400000|100%| S|CS|TAMS 0x0000000084300000, 0x0000000084300000| Complete 
|  68|0x0000000084400000, 0x0000000084500000, 0x0000000084500000|100%| S|CS|TAMS 0x0000000084400000, 0x0000000084400000| Complete 
|  69|0x0000000084500000, 0x0000000084600000, 0x0000000084600000|100%| S|CS|TAMS 0x0000000084500000, 0x0000000084500000| Complete 
|  70|0x0000000084600000, 0x0000000084600000, 0x0000000084700000|  0%| F|  |TAMS 0x0000000084600000, 0x0000000084600000| Untracked 
|  71|0x0000000084700000, 0x0000000084700000, 0x0000000084800000|  0%| F|  |TAMS 0x0000000084700000, 0x0000000084700000| Untracked 
|  72|0x0000000084800000, 0x0000000084800000, 0x0000000084900000|  0%| F|  |TAMS 0x0000000084800000, 0x0000000084800000| Untracked 
|  73|0x0000000084900000, 0x0000000084900000, 0x0000000084a00000|  0%| F|  |TAMS 0x0000000084900000, 0x0000000084900000| Untracked 
|  74|0x0000000084a00000, 0x0000000084a00000, 0x0000000084b00000|  0%| F|  |TAMS 0x0000000084a00000, 0x0000000084a00000| Untracked 
|  75|0x0000000084b00000, 0x0000000084b00000, 0x0000000084c00000|  0%| F|  |TAMS 0x0000000084b00000, 0x0000000084b00000| Untracked 
|  76|0x0000000084c00000, 0x0000000084c00000, 0x0000000084d00000|  0%| F|  |TAMS 0x0000000084c00000, 0x0000000084c00000| Untracked 
|  77|0x0000000084d00000, 0x0000000084d00000, 0x0000000084e00000|  0%| F|  |TAMS 0x0000000084d00000, 0x0000000084d00000| Untracked 
|  78|0x0000000084e00000, 0x0000000084e00000, 0x0000000084f00000|  0%| F|  |TAMS 0x0000000084e00000, 0x0000000084e00000| Untracked 
|  79|0x0000000084f00000, 0x0000000084f00000, 0x0000000085000000|  0%| F|  |TAMS 0x0000000084f00000, 0x0000000084f00000| Untracked 
|  80|0x0000000085000000, 0x0000000085000000, 0x0000000085100000|  0%| F|  |TAMS 0x0000000085000000, 0x0000000085000000| Untracked 
|  81|0x0000000085100000, 0x0000000085100000, 0x0000000085200000|  0%| F|  |TAMS 0x0000000085100000, 0x0000000085100000| Untracked 
|  82|0x0000000085200000, 0x0000000085200000, 0x0000000085300000|  0%| F|  |TAMS 0x0000000085200000, 0x0000000085200000| Untracked 
|  83|0x0000000085300000, 0x0000000085300000, 0x0000000085400000|  0%| F|  |TAMS 0x0000000085300000, 0x0000000085300000| Untracked 
|  84|0x0000000085400000, 0x0000000085400000, 0x0000000085500000|  0%| F|  |TAMS 0x0000000085400000, 0x0000000085400000| Untracked 
|  85|0x0000000085500000, 0x0000000085500000, 0x0000000085600000|  0%| F|  |TAMS 0x0000000085500000, 0x0000000085500000| Untracked 
|  86|0x0000000085600000, 0x0000000085600000, 0x0000000085700000|  0%| F|  |TAMS 0x0000000085600000, 0x0000000085600000| Untracked 
|  87|0x0000000085700000, 0x0000000085700000, 0x0000000085800000|  0%| F|  |TAMS 0x0000000085700000, 0x0000000085700000| Untracked 
|  88|0x0000000085800000, 0x0000000085800000, 0x0000000085900000|  0%| F|  |TAMS 0x0000000085800000, 0x0000000085800000| Untracked 
|  89|0x0000000085900000, 0x0000000085900000, 0x0000000085a00000|  0%| F|  |TAMS 0x0000000085900000, 0x0000000085900000| Untracked 
|  90|0x0000000085a00000, 0x0000000085a00000, 0x0000000085b00000|  0%| F|  |TAMS 0x0000000085a00000, 0x0000000085a00000| Untracked 
|  91|0x0000000085b00000, 0x0000000085b00000, 0x0000000085c00000|  0%| F|  |TAMS 0x0000000085b00000, 0x0000000085b00000| Untracked 
|  92|0x0000000085c00000, 0x0000000085c00000, 0x0000000085d00000|  0%| F|  |TAMS 0x0000000085c00000, 0x0000000085c00000| Untracked 
|  93|0x0000000085d00000, 0x0000000085d00000, 0x0000000085e00000|  0%| F|  |TAMS 0x0000000085d00000, 0x0000000085d00000| Untracked 
|  94|0x0000000085e00000, 0x0000000085e00000, 0x0000000085f00000|  0%| F|  |TAMS 0x0000000085e00000, 0x0000000085e00000| Untracked 
|  95|0x0000000085f00000, 0x0000000085f00000, 0x0000000086000000|  0%| F|  |TAMS 0x0000000085f00000, 0x0000000085f00000| Untracked 
|  96|0x0000000086000000, 0x0000000086000000, 0x0000000086100000|  0%| F|  |TAMS 0x0000000086000000, 0x0000000086000000| Untracked 
|  97|0x0000000086100000, 0x0000000086100000, 0x0000000086200000|  0%| F|  |TAMS 0x0000000086100000, 0x0000000086100000| Untracked 
|  98|0x0000000086200000, 0x0000000086200000, 0x0000000086300000|  0%| F|  |TAMS 0x0000000086200000, 0x0000000086200000| Untracked 
|  99|0x0000000086300000, 0x0000000086300000, 0x0000000086400000|  0%| F|  |TAMS 0x0000000086300000, 0x0000000086300000| Untracked 
| 100|0x0000000086400000, 0x0000000086400000, 0x0000000086500000|  0%| F|  |TAMS 0x0000000086400000, 0x0000000086400000| Untracked 
| 101|0x0000000086500000, 0x0000000086500000, 0x0000000086600000|  0%| F|  |TAMS 0x0000000086500000, 0x0000000086500000| Untracked 
| 102|0x0000000086600000, 0x0000000086600000, 0x0000000086700000|  0%| F|  |TAMS 0x0000000086600000, 0x0000000086600000| Untracked 
| 103|0x0000000086700000, 0x0000000086700000, 0x0000000086800000|  0%| F|  |TAMS 0x0000000086700000, 0x0000000086700000| Untracked 
| 104|0x0000000086800000, 0x0000000086800000, 0x0000000086900000|  0%| F|  |TAMS 0x0000000086800000, 0x0000000086800000| Untracked 
| 105|0x0000000086900000, 0x0000000086900000, 0x0000000086a00000|  0%| F|  |TAMS 0x0000000086900000, 0x0000000086900000| Untracked 
| 106|0x0000000086a00000, 0x0000000086a00000, 0x0000000086b00000|  0%| F|  |TAMS 0x0000000086a00000, 0x0000000086a00000| Untracked 
| 107|0x0000000086b00000, 0x0000000086b00000, 0x0000000086c00000|  0%| F|  |TAMS 0x0000000086b00000, 0x0000000086b00000| Untracked 
| 108|0x0000000086c00000, 0x0000000086c00000, 0x0000000086d00000|  0%| F|  |TAMS 0x0000000086c00000, 0x0000000086c00000| Untracked 
| 109|0x0000000086d00000, 0x0000000086d00000, 0x0000000086e00000|  0%| F|  |TAMS 0x0000000086d00000, 0x0000000086d00000| Untracked 
| 110|0x0000000086e00000, 0x0000000086e00000, 0x0000000086f00000|  0%| F|  |TAMS 0x0000000086e00000, 0x0000000086e00000| Untracked 
| 111|0x0000000086f00000, 0x0000000086f00000, 0x0000000087000000|  0%| F|  |TAMS 0x0000000086f00000, 0x0000000086f00000| Untracked 
| 112|0x0000000087000000, 0x0000000087000000, 0x0000000087100000|  0%| F|  |TAMS 0x0000000087000000, 0x0000000087000000| Untracked 
| 113|0x0000000087100000, 0x0000000087100000, 0x0000000087200000|  0%| F|  |TAMS 0x0000000087100000, 0x0000000087100000| Untracked 
| 114|0x0000000087200000, 0x0000000087200000, 0x0000000087300000|  0%| F|  |TAMS 0x0000000087200000, 0x0000000087200000| Untracked 
| 115|0x0000000087300000, 0x0000000087300000, 0x0000000087400000|  0%| F|  |TAMS 0x0000000087300000, 0x0000000087300000| Untracked 
| 116|0x0000000087400000, 0x0000000087400000, 0x0000000087500000|  0%| F|  |TAMS 0x0000000087400000, 0x0000000087400000| Untracked 
| 117|0x0000000087500000, 0x0000000087500000, 0x0000000087600000|  0%| F|  |TAMS 0x0000000087500000, 0x0000000087500000| Untracked 
| 118|0x0000000087600000, 0x0000000087600000, 0x0000000087700000|  0%| F|  |TAMS 0x0000000087600000, 0x0000000087600000| Untracked 
| 119|0x0000000087700000, 0x0000000087700000, 0x0000000087800000|  0%| F|  |TAMS 0x0000000087700000, 0x0000000087700000| Untracked 
| 120|0x0000000087800000, 0x0000000087800000, 0x0000000087900000|  0%| F|  |TAMS 0x0000000087800000, 0x0000000087800000| Untracked 
| 121|0x0000000087900000, 0x0000000087900000, 0x0000000087a00000|  0%| F|  |TAMS 0x0000000087900000, 0x0000000087900000| Untracked 
| 122|0x0000000087a00000, 0x0000000087a00000, 0x0000000087b00000|  0%| F|  |TAMS 0x0000000087a00000, 0x0000000087a00000| Untracked 
| 123|0x0000000087b00000, 0x0000000087b00000, 0x0000000087c00000|  0%| F|  |TAMS 0x0000000087b00000, 0x0000000087b00000| Untracked 
| 124|0x0000000087c00000, 0x0000000087c00000, 0x0000000087d00000|  0%| F|  |TAMS 0x0000000087c00000, 0x0000000087c00000| Untracked 
| 125|0x0000000087d00000, 0x0000000087d00000, 0x0000000087e00000|  0%| F|  |TAMS 0x0000000087d00000, 0x0000000087d00000| Untracked 
| 126|0x0000000087e00000, 0x0000000087e00000, 0x0000000087f00000|  0%| F|  |TAMS 0x0000000087e00000, 0x0000000087e00000| Untracked 
| 127|0x0000000087f00000, 0x0000000087f00000, 0x0000000088000000|  0%| F|  |TAMS 0x0000000087f00000, 0x0000000087f00000| Untracked 
| 128|0x0000000088000000, 0x0000000088000000, 0x0000000088100000|  0%| F|  |TAMS 0x0000000088000000, 0x0000000088000000| Untracked 
| 129|0x0000000088100000, 0x0000000088100000, 0x0000000088200000|  0%| F|  |TAMS 0x0000000088100000, 0x0000000088100000| Untracked 
| 130|0x0000000088200000, 0x0000000088200000, 0x0000000088300000|  0%| F|  |TAMS 0x0000000088200000, 0x0000000088200000| Untracked 
| 131|0x0000000088300000, 0x0000000088300000, 0x0000000088400000|  0%| F|  |TAMS 0x0000000088300000, 0x0000000088300000| Untracked 
| 132|0x0000000088400000, 0x00000000884d26c0, 0x0000000088500000| 82%| E|  |TAMS 0x0000000088400000, 0x0000000088400000| Complete 
| 133|0x0000000088500000, 0x0000000088600000, 0x0000000088600000|100%| E|CS|TAMS 0x0000000088500000, 0x0000000088500000| Complete 
| 134|0x0000000088600000, 0x0000000088700000, 0x0000000088700000|100%| E|CS|TAMS 0x0000000088600000, 0x0000000088600000| Complete 
| 135|0x0000000088700000, 0x0000000088800000, 0x0000000088800000|100%| E|CS|TAMS 0x0000000088700000, 0x0000000088700000| Complete 
| 136|0x0000000088800000, 0x0000000088900000, 0x0000000088900000|100%| E|CS|TAMS 0x0000000088800000, 0x0000000088800000| Complete 
| 137|0x0000000088900000, 0x0000000088a00000, 0x0000000088a00000|100%| E|CS|TAMS 0x0000000088900000, 0x0000000088900000| Complete 
| 138|0x0000000088a00000, 0x0000000088b00000, 0x0000000088b00000|100%| E|CS|TAMS 0x0000000088a00000, 0x0000000088a00000| Complete 
| 139|0x0000000088b00000, 0x0000000088c00000, 0x0000000088c00000|100%| E|CS|TAMS 0x0000000088b00000, 0x0000000088b00000| Complete 
| 140|0x0000000088c00000, 0x0000000088d00000, 0x0000000088d00000|100%| E|CS|TAMS 0x0000000088c00000, 0x0000000088c00000| Complete 
| 141|0x0000000088d00000, 0x0000000088e00000, 0x0000000088e00000|100%| E|CS|TAMS 0x0000000088d00000, 0x0000000088d00000| Complete 
| 142|0x0000000088e00000, 0x0000000088f00000, 0x0000000088f00000|100%| E|CS|TAMS 0x0000000088e00000, 0x0000000088e00000| Complete 
| 143|0x0000000088f00000, 0x0000000089000000, 0x0000000089000000|100%| E|CS|TAMS 0x0000000088f00000, 0x0000000088f00000| Complete 
| 144|0x0000000089000000, 0x0000000089100000, 0x0000000089100000|100%| E|CS|TAMS 0x0000000089000000, 0x0000000089000000| Complete 
| 145|0x0000000089100000, 0x0000000089200000, 0x0000000089200000|100%| E|CS|TAMS 0x0000000089100000, 0x0000000089100000| Complete 
| 146|0x0000000089200000, 0x0000000089300000, 0x0000000089300000|100%| E|CS|TAMS 0x0000000089200000, 0x0000000089200000| Complete 
| 147|0x0000000089300000, 0x0000000089400000, 0x0000000089400000|100%| E|CS|TAMS 0x0000000089300000, 0x0000000089300000| Complete 
| 148|0x0000000089400000, 0x0000000089500000, 0x0000000089500000|100%| E|CS|TAMS 0x0000000089400000, 0x0000000089400000| Complete 

Card table byte_map: [0x00000248ab070000,0x00000248ab470000] _byte_map_base: 0x00000248aac70000

Marking Bits (Prev, Next): (CMBitMap*) 0x0000024893553748, (CMBitMap*) 0x0000024893553780
 Prev Bits: [0x00000248ab870000, 0x00000248ad870000)
 Next Bits: [0x00000248ad870000, 0x00000248af870000)

Polling page: 0x00000248916b0000

Metaspace:

Usage:
  Non-class:     35.23 MB capacity,    34.61 MB ( 98%) used,   541.34 KB (  2%) free+waste,    98.19 KB ( <1%) overhead. 
      Class:      5.35 MB capacity,     4.97 MB ( 93%) used,   340.35 KB (  6%) free+waste,    47.31 KB ( <1%) overhead. 
       Both:     40.59 MB capacity,    39.58 MB ( 98%) used,   881.69 KB (  2%) free+waste,   145.50 KB ( <1%) overhead. 

Virtual space:
  Non-class space:       36.00 MB reserved,      35.33 MB ( 98%) committed 
      Class space:      504.00 MB reserved,       5.38 MB (  1%) committed 
             Both:      540.00 MB reserved,      40.70 MB (  8%) committed 

Chunk freelists:
   Non-Class:  32.00 KB
       Class:  23.00 KB
        Both:  55.00 KB

MaxMetaspaceSize: 512.00 MB
CompressedClassSpaceSize: 504.00 MB
Initial GC threshold: 20.80 MB
Current GC threshold: 58.88 MB
CDS: off

CodeHeap 'non-profiled nmethods': size=120064Kb used=1919Kb max_used=1919Kb free=118144Kb
 bounds [0x00000248a3730000, 0x00000248a39a0000, 0x00000248aac70000]
CodeHeap 'profiled nmethods': size=120000Kb used=7649Kb max_used=7649Kb free=112350Kb
 bounds [0x000002489c200000, 0x000002489c980000, 0x00000248a3730000]
CodeHeap 'non-nmethods': size=5696Kb used=2274Kb max_used=2310Kb free=3421Kb
 bounds [0x000002489bc70000, 0x000002489bee0000, 0x000002489c200000]
 total_blobs=4429 nmethods=3663 adapters=678
 compilation: enabled
              stopped_count=0, restarted_count=0
 full_count=0

Compilation events (20 events):
Event: 10.615 Thread 0x00000248b1d96800 3654       3       groovyjarjarasm.asm.SymbolTable$Entry::<init> (17 bytes)
Event: 10.615 Thread 0x00000248b1d96800 nmethod 3654 0x000002489c969910 code [0x000002489c969ac0, 0x000002489c969c28]
Event: 10.615 Thread 0x00000248b1d96800 3655       3       groovyjarjarasm.asm.SymbolTable::addConstantUtf8 (98 bytes)
Event: 10.616 Thread 0x00000248b1d96800 nmethod 3655 0x000002489c969d10 code [0x000002489c969f60, 0x000002489c96a5f8]
Event: 10.624 Thread 0x00000248b1d96800 3656       3       org.codehaus.groovy.reflection.stdclasses.CachedSAMClass::getAbstractMethods (122 bytes)
Event: 10.626 Thread 0x00000248b1d96800 nmethod 3656 0x000002489c96a990 code [0x000002489c96ac80, 0x000002489c96bc38]
Event: 10.631 Thread 0x00000248b1d96800 3657   !   3       java.util.concurrent.ConcurrentHashMap::putVal (432 bytes)
Event: 10.634 Thread 0x00000248b1d96800 nmethod 3657 0x000002489c96c210 code [0x000002489c96c5a0, 0x000002489c96e6d8]
Event: 10.640 Thread 0x00000248b1d96800 3658   !   3       sun.reflect.misc.ReflectUtil::isPackageAccessible (12 bytes)
Event: 10.640 Thread 0x00000248b1d96800 nmethod 3658 0x000002489c96f190 code [0x000002489c96f360, 0x000002489c96f5a8]
Event: 10.643 Thread 0x00000248b1d96800 3659       3       java.beans.Introspector::makeQualifiedMethodName (50 bytes)
Event: 10.645 Thread 0x00000248b1d96800 nmethod 3659 0x000002489c96f690 code [0x000002489c96f920, 0x000002489c970388]
Event: 10.646 Thread 0x00000248b1d96800 3660       3       java.lang.StringBuilder::length (5 bytes)
Event: 10.646 Thread 0x00000248b1d96800 nmethod 3660 0x000002489c970810 code [0x000002489c9709c0, 0x000002489c970ad8]
Event: 10.647 Thread 0x00000248b1d96800 3661       3       java.beans.PropertyDescriptor::setClass0 (25 bytes)
Event: 10.648 Thread 0x00000248b1d96800 nmethod 3661 0x000002489c970b90 code [0x000002489c970de0, 0x000002489c971878]
Event: 10.649 Thread 0x00000248b1d96800 3662       3       java.util.HashMap::values (25 bytes)
Event: 10.649 Thread 0x00000248b1d96800 nmethod 3662 0x000002489c971b10 code [0x000002489c971ce0, 0x000002489c972058]
Event: 10.650 Thread 0x00000248b1d96800 3663       3       java.util.stream.SpinedBuffer::capacity (38 bytes)
Event: 10.650 Thread 0x00000248b1d96800 nmethod 3663 0x000002489c972190 code [0x000002489c972360, 0x000002489c972538]

GC Heap History (18 events):
Event: 0.914 GC heap before
{Heap before GC invocations=0 (full 0):
 garbage-first heap   total 126976K, used 17408K [0x0000000080000000, 0x0000000100000000)
  region size 1024K, 14 young (14336K), 0 survivors (0K)
 Metaspace       used 6751K, capacity 6937K, committed 7168K, reserved 524288K
  class space    used 572K, capacity 650K, committed 768K, reserved 516096K
}
Event: 0.940 GC heap after
{Heap after GC invocations=1 (full 0):
 garbage-first heap   total 126976K, used 3840K [0x0000000080000000, 0x0000000100000000)
  region size 1024K, 2 young (2048K), 2 survivors (2048K)
 Metaspace       used 6751K, capacity 6937K, committed 7168K, reserved 524288K
  class space    used 572K, capacity 650K, committed 768K, reserved 516096K
}
Event: 1.432 GC heap before
{Heap before GC invocations=1 (full 0):
 garbage-first heap   total 126976K, used 18176K [0x0000000080000000, 0x0000000100000000)
  region size 1024K, 14 young (14336K), 2 survivors (2048K)
 Metaspace       used 9903K, capacity 10130K, committed 10368K, reserved 526336K
  class space    used 1011K, capacity 1102K, committed 1152K, reserved 516096K
}
Event: 1.438 GC heap after
{Heap after GC invocations=2 (full 0):
 garbage-first heap   total 126976K, used 9310K [0x0000000080000000, 0x0000000100000000)
  region size 1024K, 2 young (2048K), 2 survivors (2048K)
 Metaspace       used 9903K, capacity 10130K, committed 10368K, reserved 526336K
  class space    used 1011K, capacity 1102K, committed 1152K, reserved 516096K
}
Event: 2.418 GC heap before
{Heap before GC invocations=2 (full 0):
 garbage-first heap   total 126976K, used 39006K [0x0000000080000000, 0x0000000100000000)
  region size 1024K, 30 young (30720K), 2 survivors (2048K)
 Metaspace       used 10935K, capacity 11149K, committed 11264K, reserved 526336K
  class space    used 1113K, capacity 1207K, committed 1280K, reserved 516096K
}
Event: 2.425 GC heap after
{Heap after GC invocations=3 (full 0):
 garbage-first heap   total 126976K, used 12288K [0x0000000080000000, 0x0000000100000000)
  region size 1024K, 4 young (4096K), 4 survivors (4096K)
 Metaspace       used 10935K, capacity 11149K, committed 11264K, reserved 526336K
  class space    used 1113K, capacity 1207K, committed 1280K, reserved 516096K
}
Event: 5.385 GC heap before
{Heap before GC invocations=3 (full 0):
 garbage-first heap   total 126976K, used 53248K [0x0000000080000000, 0x0000000100000000)
  region size 1024K, 44 young (45056K), 4 survivors (4096K)
 Metaspace       used 17761K, capacity 18140K, committed 18304K, reserved 532480K
  class space    used 2071K, capacity 2176K, committed 2176K, reserved 516096K
}
Event: 5.393 GC heap after
{Heap after GC invocations=4 (full 0):
 garbage-first heap   total 126976K, used 16289K [0x0000000080000000, 0x0000000100000000)
  region size 1024K, 6 young (6144K), 6 survivors (6144K)
 Metaspace       used 17761K, capacity 18140K, committed 18304K, reserved 532480K
  class space    used 2071K, capacity 2176K, committed 2176K, reserved 516096K
}
Event: 5.785 GC heap before
{Heap before GC invocations=4 (full 0):
 garbage-first heap   total 126976K, used 36769K [0x0000000080000000, 0x0000000100000000)
  region size 1024K, 27 young (27648K), 6 survivors (6144K)
 Metaspace       used 20661K, capacity 21137K, committed 21296K, reserved 536576K
  class space    used 2473K, capacity 2626K, committed 2688K, reserved 516096K
}
Event: 5.794 GC heap after
{Heap after GC invocations=5 (full 0):
 garbage-first heap   total 126976K, used 17620K [0x0000000080000000, 0x0000000100000000)
  region size 1024K, 2 young (2048K), 2 survivors (2048K)
 Metaspace       used 20661K, capacity 21137K, committed 21296K, reserved 536576K
  class space    used 2473K, capacity 2626K, committed 2688K, reserved 516096K
}
Event: 6.963 GC heap before
{Heap before GC invocations=6 (full 0):
 garbage-first heap   total 126976K, used 64724K [0x0000000080000000, 0x0000000100000000)
  region size 1024K, 48 young (49152K), 2 survivors (2048K)
 Metaspace       used 25501K, capacity 26115K, committed 26288K, reserved 540672K
  class space    used 3255K, capacity 3482K, committed 3584K, reserved 516096K
}
Event: 6.968 GC heap after
{Heap after GC invocations=7 (full 0):
 garbage-first heap   total 126976K, used 18835K [0x0000000080000000, 0x0000000100000000)
  region size 1024K, 3 young (3072K), 3 survivors (3072K)
 Metaspace       used 25501K, capacity 26115K, committed 26288K, reserved 540672K
  class space    used 3255K, capacity 3482K, committed 3584K, reserved 516096K
}
Event: 8.032 GC heap before
{Heap before GC invocations=7 (full 0):
 garbage-first heap   total 126976K, used 83347K [0x0000000080000000, 0x0000000100000000)
  region size 1024K, 66 young (67584K), 3 survivors (3072K)
 Metaspace       used 32205K, capacity 32997K, committed 33200K, reserved 544768K
  class space    used 4255K, capacity 4571K, committed 4608K, reserved 516096K
}
Event: 8.041 GC heap after
{Heap after GC invocations=8 (full 0):
 garbage-first heap   total 126976K, used 21153K [0x0000000080000000, 0x0000000100000000)
  region size 1024K, 5 young (5120K), 5 survivors (5120K)
 Metaspace       used 32205K, capacity 32997K, committed 33200K, reserved 544768K
  class space    used 4255K, capacity 4571K, committed 4608K, reserved 516096K
}
Event: 8.289 GC heap before
{Heap before GC invocations=8 (full 0):
 garbage-first heap   total 126976K, used 27297K [0x0000000080000000, 0x0000000100000000)
  region size 1024K, 12 young (12288K), 5 survivors (5120K)
 Metaspace       used 35021K, capacity 35799K, committed 35920K, reserved 548864K
  class space    used 4476K, capacity 4822K, committed 4864K, reserved 516096K
}
Event: 8.302 GC heap after
{Heap after GC invocations=9 (full 0):
 garbage-first heap   total 126976K, used 22282K [0x0000000080000000, 0x0000000100000000)
  region size 1024K, 6 young (6144K), 6 survivors (6144K)
 Metaspace       used 35021K, capacity 35799K, committed 35920K, reserved 548864K
  class space    used 4476K, capacity 4822K, committed 4864K, reserved 516096K
}
Event: 10.336 GC heap before
{Heap before GC invocations=10 (full 0):
 garbage-first heap   total 126976K, used 73482K [0x0000000080000000, 0x0000000100000000)
  region size 1024K, 54 young (55296K), 6 survivors (6144K)
 Metaspace       used 39900K, capacity 40875K, committed 41168K, reserved 552960K
  class space    used 5014K, capacity 5402K, committed 5504K, reserved 516096K
}
Event: 10.353 GC heap after
{Heap after GC invocations=11 (full 0):
 garbage-first heap   total 152576K, used 26460K [0x0000000080000000, 0x0000000100000000)
  region size 1024K, 7 young (7168K), 7 survivors (7168K)
 Metaspace       used 39900K, capacity 40875K, committed 41168K, reserved 552960K
  class space    used 5014K, capacity 5402K, committed 5504K, reserved 516096K
}

Deoptimization events (20 events):
Event: 10.559 Thread 0x00000248b3555800 Uncommon trap: trap_request=0xffffff4d fr.pc=0x00000248a38837f0 relative=0x0000000000000910
Event: 10.559 Thread 0x00000248b3555800 Uncommon trap: reason=unstable_if action=reinterpret pc=0x00000248a38837f0 method=java.util.WeakHashMap.eq(Ljava/lang/Object;Ljava/lang/Object;)Z @ 2 c2
Event: 10.559 Thread 0x00000248b3555800 DEOPT PACKING pc=0x00000248a38837f0 sp=0x000000ddfa1f6310
Event: 10.559 Thread 0x00000248b3555800 DEOPT UNPACKING pc=0x000002489bcba1af sp=0x000000ddfa1f6280 mode 2
Event: 10.598 Thread 0x00000248b3555800 Uncommon trap: trap_request=0xffffff4d fr.pc=0x00000248a37da5b4 relative=0x0000000000001374
Event: 10.598 Thread 0x00000248b3555800 Uncommon trap: reason=unstable_if action=reinterpret pc=0x00000248a37da5b4 method=java.util.concurrent.ConcurrentHashMap.putVal(Ljava/lang/Object;Ljava/lang/Object;Z)Ljava/lang/Object; @ 231 c2
Event: 10.598 Thread 0x00000248b3555800 DEOPT PACKING pc=0x00000248a37da5b4 sp=0x000000ddfa1f7030
Event: 10.598 Thread 0x00000248b3555800 DEOPT UNPACKING pc=0x000002489bcba1af sp=0x000000ddfa1f6fb0 mode 2
Event: 10.640 Thread 0x00000248b3555800 Uncommon trap: trap_request=0xffffffde fr.pc=0x00000248a38bc8e0 relative=0x0000000000000440
Event: 10.640 Thread 0x00000248b3555800 Uncommon trap: reason=class_check action=maybe_recompile pc=0x00000248a38bc8e0 method=java.util.regex.Pattern$Start.match(Ljava/util/regex/Matcher;ILjava/lang/CharSequence;)Z @ 44 c2
Event: 10.640 Thread 0x00000248b3555800 DEOPT PACKING pc=0x00000248a38bc8e0 sp=0x000000ddfa1f5ed0
Event: 10.640 Thread 0x00000248b3555800 DEOPT UNPACKING pc=0x000002489bcba1af sp=0x000000ddfa1f5d98 mode 2
Event: 10.641 Thread 0x00000248b3555800 Uncommon trap: trap_request=0xffffffde fr.pc=0x00000248a38a74a0 relative=0x0000000000000420
Event: 10.641 Thread 0x00000248b3555800 Uncommon trap: reason=class_check action=maybe_recompile pc=0x00000248a38a74a0 method=java.util.regex.Pattern$Start.match(Ljava/util/regex/Matcher;ILjava/lang/CharSequence;)Z @ 44 c2
Event: 10.641 Thread 0x00000248b3555800 DEOPT PACKING pc=0x00000248a38a74a0 sp=0x000000ddfa1f5e60
Event: 10.641 Thread 0x00000248b3555800 DEOPT UNPACKING pc=0x000002489bcba1af sp=0x000000ddfa1f5da0 mode 2
Event: 10.641 Thread 0x00000248b3555800 Uncommon trap: trap_request=0xffffffde fr.pc=0x00000248a38a8038 relative=0x00000000000002d8
Event: 10.641 Thread 0x00000248b3555800 Uncommon trap: reason=class_check action=maybe_recompile pc=0x00000248a38a8038 method=java.util.regex.Pattern$Start.match(Ljava/util/regex/Matcher;ILjava/lang/CharSequence;)Z @ 44 c2
Event: 10.641 Thread 0x00000248b3555800 DEOPT PACKING pc=0x00000248a38a8038 sp=0x000000ddfa1f5de0
Event: 10.641 Thread 0x00000248b3555800 DEOPT UNPACKING pc=0x000002489bcba1af sp=0x000000ddfa1f5da0 mode 2

Classes redefined (0 events):
No events

Internal exceptions (20 events):
Event: 10.511 Thread 0x00000248b3555800 Exception <a 'java/lang/ClassNotFoundException'{0x0000000088a6b380}: org/codehaus/groovy/runtime/GStringImplCustomizer> (0x0000000088a6b380) thrown at [./src/hotspot/share/classfile/systemDictionary.cpp, line 230]
Event: 10.524 Thread 0x00000248b3555800 Exception <a 'java/lang/ClassNotFoundException'{0x0000000088abf840}: ReactNativeModulesBeanInfo> (0x0000000088abf840) thrown at [./src/hotspot/share/classfile/systemDictionary.cpp, line 230]
Event: 10.524 Thread 0x00000248b3555800 Exception <a 'java/lang/ClassNotFoundException'{0x0000000088ac6cc0}: ReactNativeModulesCustomizer> (0x0000000088ac6cc0) thrown at [./src/hotspot/share/classfile/systemDictionary.cpp, line 230]
Event: 10.556 Thread 0x00000248b3555800 Exception <a 'java/lang/ClassNotFoundException'{0x000000008883b2b8}: java/util/ArrayListBeanInfo> (0x000000008883b2b8) thrown at [./src/hotspot/share/classfile/systemDictionary.cpp, line 230]
Event: 10.556 Thread 0x00000248b3555800 Exception <a 'java/lang/ClassNotFoundException'{0x00000000888404b8}: java/util/AbstractListBeanInfo> (0x00000000888404b8) thrown at [./src/hotspot/share/classfile/systemDictionary.cpp, line 230]
Event: 10.556 Thread 0x00000248b3555800 Exception <a 'java/lang/ClassNotFoundException'{0x0000000088845c40}: java/util/AbstractCollectionBeanInfo> (0x0000000088845c40) thrown at [./src/hotspot/share/classfile/systemDictionary.cpp, line 230]
Event: 10.557 Thread 0x00000248b3555800 Exception <a 'java/lang/ClassNotFoundException'{0x000000008884af78}: java/util/AbstractCollectionCustomizer> (0x000000008884af78) thrown at [./src/hotspot/share/classfile/systemDictionary.cpp, line 230]
Event: 10.559 Thread 0x00000248b3555800 Exception <a 'java/lang/ClassNotFoundException'{0x0000000088859170}: java/util/AbstractListCustomizer> (0x0000000088859170) thrown at [./src/hotspot/share/classfile/systemDictionary.cpp, line 230]
Event: 10.561 Thread 0x00000248b3555800 Exception <a 'java/lang/ClassNotFoundException'{0x00000000888691b8}: java/util/ArrayListCustomizer> (0x00000000888691b8) thrown at [./src/hotspot/share/classfile/systemDictionary.cpp, line 230]
Event: 10.578 Thread 0x00000248b3555800 Exception <a 'java/lang/ClassNotFoundException'{0x00000000888e4500}: java/util/HashMapBeanInfo> (0x00000000888e4500) thrown at [./src/hotspot/share/classfile/systemDictionary.cpp, line 230]
Event: 10.579 Thread 0x00000248b3555800 Exception <a 'java/lang/ClassNotFoundException'{0x00000000888e9790}: java/util/AbstractMapBeanInfo> (0x00000000888e9790) thrown at [./src/hotspot/share/classfile/systemDictionary.cpp, line 230]
Event: 10.579 Thread 0x00000248b3555800 Exception <a 'java/lang/ClassNotFoundException'{0x00000000888ee6b8}: java/util/AbstractMapCustomizer> (0x00000000888ee6b8) thrown at [./src/hotspot/share/classfile/systemDictionary.cpp, line 230]
Event: 10.582 Thread 0x00000248b3555800 Exception <a 'java/lang/ClassNotFoundException'{0x00000000888fd238}: java/util/HashMapCustomizer> (0x00000000888fd238) thrown at [./src/hotspot/share/classfile/systemDictionary.cpp, line 230]
Event: 10.604 Thread 0x00000248b3555800 Exception <a 'java/lang/ClassNotFoundException'{0x00000000887afa80}: java/lang/RuntimeBeanInfo> (0x00000000887afa80) thrown at [./src/hotspot/share/classfile/systemDictionary.cpp, line 230]
Event: 10.604 Thread 0x00000248b3555800 Exception <a 'java/lang/ClassNotFoundException'{0x00000000887b4c40}: java/lang/RuntimeCustomizer> (0x00000000887b4c40) thrown at [./src/hotspot/share/classfile/systemDictionary.cpp, line 230]
Event: 10.622 Thread 0x00000248b3555800 Exception <a 'java/io/IOException'{0x00000000887d3378}: CreateProcess error=1455, The paging file is too small for this operation to complete> (0x00000000887d3378) thrown at [./src/hotspot/share/prims/jni.cpp, line 638]
Event: 10.630 Thread 0x00000248b3555800 Exception <a 'java/lang/ClassNotFoundException'{0x00000000886374d8}: org/gradle/internal/logging/slf4j/OutputEventListenerBackedLoggerBeanInfo> (0x00000000886374d8) thrown at [./src/hotspot/share/classfile/systemDictionary.cpp, line 230]
Event: 10.634 Thread 0x00000248b3555800 Exception <a 'java/lang/ClassNotFoundException'{0x0000000088663ed0}: org/gradle/internal/logging/slf4j/BuildOperationAwareLoggerBeanInfo> (0x0000000088663ed0) thrown at [./src/hotspot/share/classfile/systemDictionary.cpp, line 230]
Event: 10.639 Thread 0x00000248b3555800 Exception <a 'java/lang/ClassNotFoundException'{0x0000000088690ed0}: org/gradle/internal/logging/slf4j/BuildOperationAwareLoggerCustomizer> (0x0000000088690ed0) thrown at [./src/hotspot/share/classfile/systemDictionary.cpp, line 230]
Event: 10.643 Thread 0x00000248b3555800 Exception <a 'java/lang/ClassNotFoundException'{0x00000000886f0040}: org/gradle/internal/logging/slf4j/OutputEventListenerBackedLoggerCustomizer> (0x00000000886f0040) thrown at [./src/hotspot/share/classfile/systemDictionary.cpp, line 230]

Events (20 events):
Event: 10.642 loading class org/gradle/internal/logging/slf4j/OutputEventListenerBackedLoggerCustomizer
Event: 10.642 loading class org/gradle/internal/logging/slf4j/OutputEventListenerBackedLoggerCustomizer done
Event: 10.643 loading class org/gradle/internal/logging/slf4j/OutputEventListenerBackedLoggerCustomizer
Event: 10.643 loading class org/gradle/internal/logging/slf4j/OutputEventListenerBackedLoggerCustomizer done
Event: 10.643 loading class org/gradle/internal/logging/slf4j/OutputEventListenerBackedLoggerCustomizer
Event: 10.643 loading class org/gradle/internal/logging/slf4j/OutputEventListenerBackedLoggerCustomizer done
Event: 10.643 loading class org/gradle/internal/logging/slf4j/OutputEventListenerBackedLoggerCustomizer
Event: 10.643 loading class org/gradle/internal/logging/slf4j/OutputEventListenerBackedLoggerCustomizer done
Event: 10.651 loading class org/codehaus/groovy/classgen/asm/util/TypeUtil
Event: 10.651 loading class org/codehaus/groovy/classgen/asm/util/TypeUtil done
Event: 10.653 loading class org/codehaus/groovy/ast/ClassHelper
Event: 10.653 loading class org/codehaus/groovy/ast/ClassHelper done
Event: 10.655 loading class org/codehaus/groovy/runtime/GeneratedLambda
Event: 10.655 loading class org/codehaus/groovy/runtime/GeneratedLambda done
Event: 10.656 loading class groovy/lang/Tuple0
Event: 10.656 loading class groovy/lang/Tuple0 done
Event: 10.656 loading class groovy/lang/Tuple1
Event: 10.656 loading class groovy/lang/Tuple1 done
Event: 10.657 loading class groovy/lang/Tuple3
Event: 10.657 loading class groovy/lang/Tuple3 done


Dynamic libraries:
0x00007ff608640000 - 0x00007ff60864d000 	C:\Program Files\OpenJDK\openjdk-11.0.15_10\bin\java.exe
0x00007ff9f7910000 - 0x00007ff9f7b08000 	C:\Windows\SYSTEM32\ntdll.dll
0x00007ff9f5970000 - 0x00007ff9f5a2f000 	C:\Windows\System32\KERNEL32.DLL
0x00007ff9f4ff0000 - 0x00007ff9f52e6000 	C:\Windows\System32\KERNELBASE.dll
0x00007ff9f53a0000 - 0x00007ff9f54a0000 	C:\Windows\System32\ucrtbase.dll
0x00007ff9d48d0000 - 0x00007ff9d48e6000 	C:\Program Files\OpenJDK\openjdk-11.0.15_10\bin\VCRUNTIME140.dll
0x00007ff9d5690000 - 0x00007ff9d56a8000 	C:\Program Files\OpenJDK\openjdk-11.0.15_10\bin\jli.dll
0x00007ff9f5a30000 - 0x00007ff9f5bcd000 	C:\Windows\System32\USER32.dll
0x00007ff9f52f0000 - 0x00007ff9f5312000 	C:\Windows\System32\win32u.dll
0x00007ff9e6780000 - 0x00007ff9e6a1a000 	C:\Windows\WinSxS\amd64_microsoft.windows.common-controls_6595b64144ccf1df_6.0.19041.1110_none_60b5254171f9507e\COMCTL32.dll
0x00007ff9f7820000 - 0x00007ff9f784c000 	C:\Windows\System32\GDI32.dll
0x00007ff9f56f0000 - 0x00007ff9f5805000 	C:\Windows\System32\gdi32full.dll
0x00007ff9f5c30000 - 0x00007ff9f5cce000 	C:\Windows\System32\msvcrt.dll
0x00007ff9f5650000 - 0x00007ff9f56ed000 	C:\Windows\System32\msvcp_win.dll
0x00007ff9f61d0000 - 0x00007ff9f6200000 	C:\Windows\System32\IMM32.DLL
0x00007ff9b6dc0000 - 0x00007ff9b6e6a000 	C:\Program Files\OpenJDK\openjdk-11.0.15_10\bin\msvcp140.dll
0x00007ff9a6f70000 - 0x00007ff9a7ac1000 	C:\Program Files\OpenJDK\openjdk-11.0.15_10\bin\server\jvm.dll
0x00007ff9f64e0000 - 0x00007ff9f658f000 	C:\Windows\System32\ADVAPI32.dll
0x00007ff9f6ad0000 - 0x00007ff9f6b6c000 	C:\Windows\System32\sechost.dll
0x00007ff9f68f0000 - 0x00007ff9f6a16000 	C:\Windows\System32\RPCRT4.dll
0x00007ff9f7810000 - 0x00007ff9f7818000 	C:\Windows\System32\PSAPI.DLL
0x00007ff9ef6b0000 - 0x00007ff9ef6b9000 	C:\Windows\SYSTEM32\WSOCK32.dll
0x00007ff9e70e0000 - 0x00007ff9e7107000 	C:\Windows\SYSTEM32\WINMM.dll
0x00007ff9e8be0000 - 0x00007ff9e8bea000 	C:\Windows\SYSTEM32\VERSION.dll
0x00007ff9f6740000 - 0x00007ff9f67ab000 	C:\Windows\System32\WS2_32.dll
0x00007ff9f3840000 - 0x00007ff9f3852000 	C:\Windows\SYSTEM32\kernel.appcore.dll
0x00007ff9d4890000 - 0x00007ff9d48a1000 	C:\Program Files\OpenJDK\openjdk-11.0.15_10\bin\verify.dll
0x00007ff9dfd50000 - 0x00007ff9dff34000 	C:\Windows\SYSTEM32\DBGHELP.DLL
0x00007ff9dfce0000 - 0x00007ff9dfd14000 	C:\Windows\SYSTEM32\dbgcore.DLL
0x00007ff9f55c0000 - 0x00007ff9f5642000 	C:\Windows\System32\bcryptPrimitives.dll
0x00007ff9d1ef0000 - 0x00007ff9d1f19000 	C:\Program Files\OpenJDK\openjdk-11.0.15_10\bin\java.dll
0x00007ff9ef670000 - 0x00007ff9ef67a000 	C:\Program Files\OpenJDK\openjdk-11.0.15_10\bin\jimage.dll
0x00007ff9d43a0000 - 0x00007ff9d43b8000 	C:\Program Files\OpenJDK\openjdk-11.0.15_10\bin\zip.dll
0x00007ff9f6b70000 - 0x00007ff9f72b4000 	C:\Windows\System32\SHELL32.dll
0x00007ff9f2c40000 - 0x00007ff9f33d3000 	C:\Windows\SYSTEM32\windows.storage.dll
0x00007ff9f74b0000 - 0x00007ff9f7804000 	C:\Windows\System32\combase.dll
0x00007ff9f49e0000 - 0x00007ff9f4a0e000 	C:\Windows\SYSTEM32\Wldp.dll
0x00007ff9f6a20000 - 0x00007ff9f6acd000 	C:\Windows\System32\SHCORE.dll
0x00007ff9f5bd0000 - 0x00007ff9f5c25000 	C:\Windows\System32\shlwapi.dll
0x00007ff9f4f30000 - 0x00007ff9f4f4f000 	C:\Windows\SYSTEM32\profapi.dll
0x00007ff9d2580000 - 0x00007ff9d2599000 	C:\Program Files\OpenJDK\openjdk-11.0.15_10\bin\net.dll
0x00007ff9e9a30000 - 0x00007ff9e9b3a000 	C:\Windows\SYSTEM32\WINHTTP.dll
0x00007ff9f46d0000 - 0x00007ff9f473a000 	C:\Windows\system32\mswsock.dll
0x00007ff9d1f50000 - 0x00007ff9d1f63000 	C:\Program Files\OpenJDK\openjdk-11.0.15_10\bin\nio.dll
0x00007ff9cfa40000 - 0x00007ff9cfa67000 	C:\Users\Sarmad\.gradle\native\e1d6ef7f7dcc3fd88c89a11ec53ec762bb8ba0a96d01ffa2cd45eb1d1d8dd5c5\windows-amd64\native-platform.dll
0x00007ff9b07b0000 - 0x00007ff9b08f4000 	C:\Users\Sarmad\.gradle\native\0d407fdbe67a94daf76414ababcb853783967236a71b16ec16e742cd7a986fd3\windows-amd64\native-platform-file-events.dll
0x00007ff9ed7c0000 - 0x00007ff9ed7c9000 	C:\Program Files\OpenJDK\openjdk-11.0.15_10\bin\management.dll
0x00007ff9ed6d0000 - 0x00007ff9ed6dc000 	C:\Program Files\OpenJDK\openjdk-11.0.15_10\bin\management_ext.dll
0x00007ff9f48d0000 - 0x00007ff9f48e8000 	C:\Windows\SYSTEM32\CRYPTSP.dll
0x00007ff9f3ff0000 - 0x00007ff9f4024000 	C:\Windows\system32\rsaenh.dll
0x00007ff9f5370000 - 0x00007ff9f5397000 	C:\Windows\System32\bcrypt.dll
0x00007ff9f4ef0000 - 0x00007ff9f4f1e000 	C:\Windows\SYSTEM32\USERENV.dll
0x00007ff9f48c0000 - 0x00007ff9f48cc000 	C:\Windows\SYSTEM32\CRYPTBASE.dll
0x00007ff9f43c0000 - 0x00007ff9f43fc000 	C:\Windows\SYSTEM32\IPHLPAPI.DLL
0x00007ff9f6640000 - 0x00007ff9f6648000 	C:\Windows\System32\NSI.dll
0x00007ff9ec940000 - 0x00007ff9ec957000 	C:\Windows\SYSTEM32\dhcpcsvc6.DLL
0x00007ff9ec920000 - 0x00007ff9ec93d000 	C:\Windows\SYSTEM32\dhcpcsvc.DLL
0x00007ff9f4400000 - 0x00007ff9f44cb000 	C:\Windows\SYSTEM32\DNSAPI.dll

dbghelp: loaded successfully - version: 4.0.5 - missing functions: none
symbol engine: initialized successfully - sym options: 0x614 - pdb path: .;C:\Program Files\OpenJDK\openjdk-11.0.15_10\bin;C:\Windows\SYSTEM32;C:\Windows\WinSxS\amd64_microsoft.windows.common-controls_6595b64144ccf1df_6.0.19041.1110_none_60b5254171f9507e;C:\Program Files\OpenJDK\openjdk-11.0.15_10\bin\server;C:\Users\Sarmad\.gradle\native\e1d6ef7f7dcc3fd88c89a11ec53ec762bb8ba0a96d01ffa2cd45eb1d1d8dd5c5\windows-amd64;C:\Users\Sarmad\.gradle\native\0d407fdbe67a94daf76414ababcb853783967236a71b16ec16e742cd7a986fd3\windows-amd64

VM Arguments:
jvm_args: -XX:MaxMetaspaceSize=512m --add-opens=java.base/java.util=ALL-UNNAMED --add-opens=java.base/java.lang=ALL-UNNAMED --add-opens=java.base/java.lang.invoke=ALL-UNNAMED --add-opens=java.base/java.util=ALL-UNNAMED --add-opens=java.prefs/java.util.prefs=ALL-UNNAMED --add-opens=java.prefs/java.util.prefs=ALL-UNNAMED --add-opens=java.base/java.nio.charset=ALL-UNNAMED --add-opens=java.base/java.net=ALL-UNNAMED --add-opens=java.base/java.util.concurrent.atomic=ALL-UNNAMED -Xmx2048m -Dfile.encoding=windows-1252 -Duser.country=US -Duser.language=en -Duser.variant 
java_command: org.gradle.launcher.daemon.bootstrap.GradleDaemon 7.5.1
java_class_path (initial): C:\Users\Sarmad\.gradle\wrapper\dists\gradle-7.5.1-all\1ehga6e77gqps5uk2kc5kf1vc\gradle-7.5.1\lib\gradle-launcher-7.5.1.jar
Launcher Type: SUN_STANDARD

[Global flags]
     intx CICompilerCount                          = 3                                         {product} {ergonomic}
   size_t CompressedClassSpaceSize                 = 528482304                                 {product} {ergonomic}
     uint ConcGCThreads                            = 1                                         {product} {ergonomic}
     uint G1ConcRefinementThreads                  = 4                                         {product} {ergonomic}
   size_t G1HeapRegionSize                         = 1048576                                   {product} {ergonomic}
    uintx GCDrainStackTargetSize                   = 64                                        {product} {ergonomic}
   size_t InitialHeapSize                          = 130023424                                 {product} {ergonomic}
   size_t MarkStackSize                            = 4194304                                   {product} {ergonomic}
   size_t MaxHeapSize                              = 2147483648                                {product} {command line}
   size_t MaxMetaspaceSize                         = 536870912                                 {product} {command line}
   size_t MaxNewSize                               = 1287651328                                {product} {ergonomic}
   size_t MinHeapDeltaBytes                        = 1048576                                   {product} {ergonomic}
    uintx NonNMethodCodeHeapSize                   = 5830732                                {pd product} {ergonomic}
    uintx NonProfiledCodeHeapSize                  = 122913754                              {pd product} {ergonomic}
    uintx ProfiledCodeHeapSize                     = 122913754                              {pd product} {ergonomic}
    uintx ReservedCodeCacheSize                    = 251658240                              {pd product} {ergonomic}
     bool SegmentedCodeCache                       = true                                      {product} {ergonomic}
     bool UseCompressedClassPointers               = true                                 {lp64_product} {ergonomic}
     bool UseCompressedOops                        = true                                 {lp64_product} {ergonomic}
     bool UseG1GC                                  = true                                      {product} {ergonomic}
     bool UseLargePagesIndividualAllocation        = false                                  {pd product} {ergonomic}

Logging:
Log output configuration:
 #0: stdout all=warning uptime,level,tags
 #1: stderr all=off uptime,level,tags

Environment Variables:
JAVA_HOME=C:\Program Files\OpenJDK\openjdk-11.0.15_10
CLASSPATH=E:\FYP\inventory\android\\gradle\wrapper\gradle-wrapper.jar
PATH=E:\FYP\inventory\android\node_modules\.bin;E:\FYP\inventory\node_modules\.bin;E:\FYP\node_modules\.bin;E:\node_modules\.bin;C:\Program Files\nodejs;E:\FYP\inventory\node_modules\.bin;E:\FYP\node_modules\.bin;E:\node_modules\.bin;C:\Program Files\nodejs\node_modules\npm\node_modules\@npmcli\run-script\lib\node-gyp-bin;C:\Program Files (x86)\VMware\VMware Workstation\bin\;C:\Windows\system32;C:\Windows;C:\Windows\System32\Wbem;C:\Windows\System32\WindowsPowerShell\v1.0\;C:\Windows\System32\OpenSSH\;C:\Program Files\Microsoft SQL Server\150\Tools\Binn\;C:\Program Files\Microsoft SQL Server\Client SDK\ODBC\170\Tools\Binn\;C:\Program Files\dotnet\;C:\Program Files (x86)\Microsoft SQL Server\100\Tools\Binn\;C:\Program Files\Microsoft SQL Server\100\Tools\Binn\;C:\Program Files\Microsoft SQL Server\100\DTS\Binn\;C:\Program Files (x86)\Microsoft SQL Server\100\Tools\Binn\VSShell\Common7\IDE\;C:\Program Files (x86)\Microsoft Visual Studio 9.0\Common7\IDE\PrivateAssemblies\;C:\Program Files (x86)\Microsoft SQL Server\100\DTS\Binn\;C:\ProgramData\chocolatey\bin;C:\Program Files\OpenJDK\openjdk-11.0.15_10\bin;C:\Users\Sarmad\AppData\Local\Android\Sdk\emulator;C:\Users\Sarmad\AppData\Local\Android\Sdk\platform-tools;C:\Users\Sarmad\AppData\Local\Microsoft\WindowsApps;C:\Users\Sarmad\.dotnet\tools;C:\Users\Sarmad\AppData\Local\Programs\Microsoft VS Code\bin;C:\Users\Sarmad\AppData\Roaming\npm;C:\Program Files\nodejs;C:\Users\Sarmad\OneDrive\Documents;C:\Users\Sarmad\Downloads\flutter\bin;E:\FYP\inventory\node_modules\.bin
USERNAME=Sarmad
LANG=en_US.UTF-8
OS=Windows_NT
PROCESSOR_IDENTIFIER=Intel64 Family 6 Model 61 Stepping 4, GenuineIntel



---------------  S Y S T E M  ---------------

OS: Windows 10 , 64 bit Build 19041 (10.0.19041.2913)
OS uptime: 0 days 2:49 hours

CPU:total 4 (initial active 4) (2 cores per cpu, 2 threads per core) family 6 model 61 stepping 4 microcode 0x2d, cmov, cx8, fxsr, mmx, sse, sse2, sse3, ssse3, sse4.1, sse4.2, popcnt, avx, avx2, aes, clmul, erms, rtm, 3dnowpref, lzcnt, ht, tsc, tscinvbit, bmi1, bmi2, adx, fma

Memory: 4k page, system-wide physical 7888M (2740M free)
TotalPageFile size 11686M (AvailPageFile size 5M)
current process WorkingSet (physical memory assigned to process): 249M, peak: 249M
current process commit charge ("private bytes"): 325M, peak: 327M

vm_info: OpenJDK 64-Bit Server VM (11.0.15+10) for windows-amd64 JRE (11.0.15+10), built on Apr 21 2022 21:29:46 by "tester" with MS VC++ 15.5 (VS2017)

END.
