#
# There is insufficient memory for the Java Runtime Environment to continue.
# Native memory allocation (malloc) failed to allocate 200336 bytes for Chunk::new
# Possible reasons:
#   The system is out of physical RAM or swap space
#   The process is running with CompressedOops enabled, and the Java Heap may be blocking the growth of the native heap
# Possible solutions:
#   Reduce memory load on the system
#   Increase physical memory or swap space
#   Check if swap backing store is full
#   Decrease Java heap size (-Xmx/-Xms)
#   Decrease number of Java threads
#   Decrease Java thread stack sizes (-Xss)
#   Set larger code cache with -XX:ReservedCodeCacheSize=
#   JVM is running with Unscaled Compressed Oops mode in which the Java heap is
#     placed in the first 4GB address space. The Java Heap base address is the
#     maximum limit for the native heap growth. Please use -XX:HeapBaseMinAddress
#     to set the Java Heap base and to place the Java Heap above 4GB virtual address.
# This output file may be truncated or incomplete.
#
#  Out of Memory Error (./src/hotspot/share/memory/arena.cpp:197), pid=12560, tid=392
#
# JRE version: OpenJDK Runtime Environment 18.9 (11.0.15+10) (build 11.0.15+10)
# Java VM: OpenJDK 64-Bit Server VM 18.9 (11.0.15+10, mixed mode, tiered, compressed oops, g1 gc, windows-amd64)
# No core dump will be written. Minidumps are not enabled by default on client versions of Windows
#

---------------  S U M M A R Y ------------

Command Line: -Xmx64m -Xms64m -Dorg.gradle.appname=gradlew org.gradle.wrapper.GradleWrapperMain app:installDebug -PreactNativeDevServerPort=8081

Host: Intel(R) Core(TM) i7-5600U CPU @ 2.60GHz, 4 cores, 7G,  Windows 10 , 64 bit Build 19041 (10.0.19041.2913)
Time: Thu May 18 16:28:57 2023 Pakistan Standard Time elapsed time: 14.898857 seconds (0d 0h 0m 14s)

---------------  T H R E A D  ---------------

Current thread (0x00000212fe1a9000):  JavaThread "C2 CompilerThread0" daemon [_thread_in_native, id=392, stack(0x0000002d4c600000,0x0000002d4c700000)]


Current CompileTask:
C2:  14898 1480 % !   4       java.io.BufferedReader::readLine @ 131 (304 bytes)

Stack: [0x0000002d4c600000,0x0000002d4c700000]
Native frames: (J=compiled Java code, j=interpreted, Vv=VM code, C=native code)
V  [jvm.dll+0x64dd3a]
V  [jvm.dll+0x7906c9]
V  [jvm.dll+0x791d9c]
V  [jvm.dll+0x792463]
V  [jvm.dll+0x265048]
V  [jvm.dll+0xc9da1]
V  [jvm.dll+0xca35c]
V  [jvm.dll+0x2d81f4]
V  [jvm.dll+0x55a6c6]
V  [jvm.dll+0x21fc8d]
V  [jvm.dll+0x21d138]
V  [jvm.dll+0x19dd21]
V  [jvm.dll+0x22cc80]
V  [jvm.dll+0x22af81]
V  [jvm.dll+0x75254c]
V  [jvm.dll+0x74b12d]
V  [jvm.dll+0x64c8a6]
C  [ucrtbase.dll+0x21bb2]
C  [KERNEL32.DLL+0x17614]
C  [ntdll.dll+0x526a1]


---------------  P R O C E S S  ---------------

Threads class SMR info:
_java_thread_list=0x00000212ff25ef00, length=12, elements={
0x00000212e3b3e000, 0x00000212fe140800, 0x00000212fe14a800, 0x00000212fe1a2000,
0x00000212fe1a3000, 0x00000212fe1a4800, 0x00000212fe1a9000, 0x00000212fe1aa800,
0x00000212fe1ec000, 0x00000212fe424800, 0x00000212fed08000, 0x00000212ff2da800
}

Java Threads: ( => current thread )
  0x00000212e3b3e000 JavaThread "main" [_thread_in_Java, id=9436, stack(0x0000002d4ba00000,0x0000002d4bb00000)]
  0x00000212fe140800 JavaThread "Reference Handler" daemon [_thread_blocked, id=5144, stack(0x0000002d4c100000,0x0000002d4c200000)]
  0x00000212fe14a800 JavaThread "Finalizer" daemon [_thread_blocked, id=9872, stack(0x0000002d4c200000,0x0000002d4c300000)]
  0x00000212fe1a2000 JavaThread "Signal Dispatcher" daemon [_thread_blocked, id=13408, stack(0x0000002d4c300000,0x0000002d4c400000)]
  0x00000212fe1a3000 JavaThread "Attach Listener" daemon [_thread_blocked, id=3040, stack(0x0000002d4c400000,0x0000002d4c500000)]
  0x00000212fe1a4800 JavaThread "Service Thread" daemon [_thread_blocked, id=11024, stack(0x0000002d4c500000,0x0000002d4c600000)]
=>0x00000212fe1a9000 JavaThread "C2 CompilerThread0" daemon [_thread_in_native, id=392, stack(0x0000002d4c600000,0x0000002d4c700000)]
  0x00000212fe1aa800 JavaThread "C1 CompilerThread0" daemon [_thread_blocked, id=7544, stack(0x0000002d4c700000,0x0000002d4c800000)]
  0x00000212fe1ec000 JavaThread "Sweeper thread" daemon [_thread_blocked, id=12244, stack(0x0000002d4c800000,0x0000002d4c900000)]
  0x00000212fe424800 JavaThread "Common-Cleaner" daemon [_thread_blocked, id=11692, stack(0x0000002d4ca00000,0x0000002d4cb00000)]
  0x00000212fed08000 JavaThread "pool-1-thread-1" [_thread_blocked, id=8712, stack(0x0000002d4cd00000,0x0000002d4ce00000)]
  0x00000212ff2da800 JavaThread "DisconnectableInputStream source reader" daemon [_thread_in_native, id=616, stack(0x0000002d4ce00000,0x0000002d4cf00000)]

Other Threads:
  0x00000212fe11b000 VMThread "VM Thread" [stack: 0x0000002d4c000000,0x0000002d4c100000] [id=1892]
  0x00000212fe417000 WatcherThread [stack: 0x0000002d4c900000,0x0000002d4ca00000] [id=11680]
  0x00000212e3b56000 GCTaskThread "GC Thread#0" [stack: 0x0000002d4bb00000,0x0000002d4bc00000] [id=11496]
  0x00000212fe9f2800 GCTaskThread "GC Thread#1" [stack: 0x0000002d4cb00000,0x0000002d4cc00000] [id=8916]
  0x00000212ff411800 GCTaskThread "GC Thread#2" [stack: 0x0000002d4cf00000,0x0000002d4d000000] [id=11560]
  0x00000212ff25f800 GCTaskThread "GC Thread#3" [stack: 0x0000002d4d000000,0x0000002d4d100000] [id=7976]
  0x00000212e3b5d800 ConcurrentGCThread "G1 Main Marker" [stack: 0x0000002d4bc00000,0x0000002d4bd00000] [id=13300]
  0x00000212e3b5f800 ConcurrentGCThread "G1 Conc#0" [stack: 0x0000002d4bd00000,0x0000002d4be00000] [id=664]
  0x00000212e3bb3800 ConcurrentGCThread "G1 Refine#0" [stack: 0x0000002d4be00000,0x0000002d4bf00000] [id=4176]
  0x00000212e3bb4800 ConcurrentGCThread "G1 Young RemSet Sampling" [stack: 0x0000002d4bf00000,0x0000002d4c000000] [id=14236]

Threads with active compile tasks:
C2 CompilerThread0    14930 1480 % !   4       java.io.BufferedReader::readLine @ 131 (304 bytes)

VM state:not at safepoint (normal execution)

VM Mutex/Monitor currently owned by a thread: None

Heap address: 0x00000000fc000000, size: 64 MB, Compressed Oops mode: 32-bit
Narrow klass base: 0x0000000000000000, Narrow klass shift: 3
Compressed class space size: 1073741824 Address: 0x0000000100000000

Heap:
 garbage-first heap   total 65536K, used 14125K [0x00000000fc000000, 0x0000000100000000)
  region size 1024K, 6 young (6144K), 2 survivors (2048K)
 Metaspace       used 17335K, capacity 17674K, committed 17792K, reserved 1064960K
  class space    used 1944K, capacity 2068K, committed 2176K, reserved 1048576K
Heap Regions: E=young(eden), S=young(survivor), O=old, HS=humongous(starts), HC=humongous(continues), CS=collection set, F=free, A=archive, TAMS=top-at-mark-start (previous, next)
|   0|0x00000000fc000000, 0x00000000fc100000, 0x00000000fc100000|100%|HS|  |TAMS 0x00000000fc000000, 0x00000000fc000000| Complete 
|   1|0x00000000fc100000, 0x00000000fc200000, 0x00000000fc200000|100%|HC|  |TAMS 0x00000000fc100000, 0x00000000fc100000| Complete 
|   2|0x00000000fc200000, 0x00000000fc300000, 0x00000000fc300000|100%|HC|  |TAMS 0x00000000fc200000, 0x00000000fc200000| Complete 
|   3|0x00000000fc300000, 0x00000000fc400000, 0x00000000fc400000|100%| O|  |TAMS 0x00000000fc300000, 0x00000000fc300000| Untracked 
|   4|0x00000000fc400000, 0x00000000fc500000, 0x00000000fc500000|100%| O|  |TAMS 0x00000000fc400000, 0x00000000fc400000| Untracked 
|   5|0x00000000fc500000, 0x00000000fc600000, 0x00000000fc600000|100%| O|  |TAMS 0x00000000fc500000, 0x00000000fc500000| Untracked 
|   6|0x00000000fc600000, 0x00000000fc700000, 0x00000000fc700000|100%| O|  |TAMS 0x00000000fc600000, 0x00000000fc600000| Untracked 
|   7|0x00000000fc700000, 0x00000000fc800000, 0x00000000fc800000|100%| O|  |TAMS 0x00000000fc700000, 0x00000000fc700000| Untracked 
|   8|0x00000000fc800000, 0x00000000fc900000, 0x00000000fc900000|100%| O|  |TAMS 0x00000000fc800000, 0x00000000fc800000| Untracked 
|   9|0x00000000fc900000, 0x00000000fc91fe00, 0x00000000fca00000| 12%| O|  |TAMS 0x00000000fc900000, 0x00000000fc900000| Untracked 
|  10|0x00000000fca00000, 0x00000000fca00000, 0x00000000fcb00000|  0%| F|  |TAMS 0x00000000fca00000, 0x00000000fca00000| Untracked 
|  11|0x00000000fcb00000, 0x00000000fcb00000, 0x00000000fcc00000|  0%| F|  |TAMS 0x00000000fcb00000, 0x00000000fcb00000| Untracked 
|  12|0x00000000fcc00000, 0x00000000fcc00000, 0x00000000fcd00000|  0%| F|  |TAMS 0x00000000fcc00000, 0x00000000fcc00000| Untracked 
|  13|0x00000000fcd00000, 0x00000000fcd00000, 0x00000000fce00000|  0%| F|  |TAMS 0x00000000fcd00000, 0x00000000fcd00000| Untracked 
|  14|0x00000000fce00000, 0x00000000fce00000, 0x00000000fcf00000|  0%| F|  |TAMS 0x00000000fce00000, 0x00000000fce00000| Untracked 
|  15|0x00000000fcf00000, 0x00000000fcf00000, 0x00000000fd000000|  0%| F|  |TAMS 0x00000000fcf00000, 0x00000000fcf00000| Untracked 
|  16|0x00000000fd000000, 0x00000000fd000000, 0x00000000fd100000|  0%| F|  |TAMS 0x00000000fd000000, 0x00000000fd000000| Untracked 
|  17|0x00000000fd100000, 0x00000000fd100000, 0x00000000fd200000|  0%| F|  |TAMS 0x00000000fd100000, 0x00000000fd100000| Untracked 
|  18|0x00000000fd200000, 0x00000000fd200000, 0x00000000fd300000|  0%| F|  |TAMS 0x00000000fd200000, 0x00000000fd200000| Untracked 
|  19|0x00000000fd300000, 0x00000000fd300000, 0x00000000fd400000|  0%| F|  |TAMS 0x00000000fd300000, 0x00000000fd300000| Untracked 
|  20|0x00000000fd400000, 0x00000000fd400000, 0x00000000fd500000|  0%| F|  |TAMS 0x00000000fd400000, 0x00000000fd400000| Untracked 
|  21|0x00000000fd500000, 0x00000000fd500000, 0x00000000fd600000|  0%| F|  |TAMS 0x00000000fd500000, 0x00000000fd500000| Untracked 
|  22|0x00000000fd600000, 0x00000000fd600000, 0x00000000fd700000|  0%| F|  |TAMS 0x00000000fd600000, 0x00000000fd600000| Untracked 
|  23|0x00000000fd700000, 0x00000000fd700000, 0x00000000fd800000|  0%| F|  |TAMS 0x00000000fd700000, 0x00000000fd700000| Untracked 
|  24|0x00000000fd800000, 0x00000000fd800000, 0x00000000fd900000|  0%| F|  |TAMS 0x00000000fd800000, 0x00000000fd800000| Untracked 
|  25|0x00000000fd900000, 0x00000000fd900000, 0x00000000fda00000|  0%| F|  |TAMS 0x00000000fd900000, 0x00000000fd900000| Untracked 
|  26|0x00000000fda00000, 0x00000000fda00000, 0x00000000fdb00000|  0%| F|  |TAMS 0x00000000fda00000, 0x00000000fda00000| Untracked 
|  27|0x00000000fdb00000, 0x00000000fdb00000, 0x00000000fdc00000|  0%| F|  |TAMS 0x00000000fdb00000, 0x00000000fdb00000| Untracked 
|  28|0x00000000fdc00000, 0x00000000fdc00000, 0x00000000fdd00000|  0%| F|  |TAMS 0x00000000fdc00000, 0x00000000fdc00000| Untracked 
|  29|0x00000000fdd00000, 0x00000000fdd00000, 0x00000000fde00000|  0%| F|  |TAMS 0x00000000fdd00000, 0x00000000fdd00000| Untracked 
|  30|0x00000000fde00000, 0x00000000fde00000, 0x00000000fdf00000|  0%| F|  |TAMS 0x00000000fde00000, 0x00000000fde00000| Untracked 
|  31|0x00000000fdf00000, 0x00000000fdf00000, 0x00000000fe000000|  0%| F|  |TAMS 0x00000000fdf00000, 0x00000000fdf00000| Untracked 
|  32|0x00000000fe000000, 0x00000000fe000000, 0x00000000fe100000|  0%| F|  |TAMS 0x00000000fe000000, 0x00000000fe000000| Untracked 
|  33|0x00000000fe100000, 0x00000000fe100000, 0x00000000fe200000|  0%| F|  |TAMS 0x00000000fe100000, 0x00000000fe100000| Untracked 
|  34|0x00000000fe200000, 0x00000000fe200000, 0x00000000fe300000|  0%| F|  |TAMS 0x00000000fe200000, 0x00000000fe200000| Untracked 
|  35|0x00000000fe300000, 0x00000000fe300000, 0x00000000fe400000|  0%| F|  |TAMS 0x00000000fe300000, 0x00000000fe300000| Untracked 
|  36|0x00000000fe400000, 0x00000000fe400000, 0x00000000fe500000|  0%| F|  |TAMS 0x00000000fe400000, 0x00000000fe400000| Untracked 
|  37|0x00000000fe500000, 0x00000000fe500000, 0x00000000fe600000|  0%| F|  |TAMS 0x00000000fe500000, 0x00000000fe500000| Untracked 
|  38|0x00000000fe600000, 0x00000000fe6ab8e0, 0x00000000fe700000| 67%| S|CS|TAMS 0x00000000fe600000, 0x00000000fe600000| Complete 
|  39|0x00000000fe700000, 0x00000000fe800000, 0x00000000fe800000|100%| S|CS|TAMS 0x00000000fe700000, 0x00000000fe700000| Complete 
|  40|0x00000000fe800000, 0x00000000fe800000, 0x00000000fe900000|  0%| F|  |TAMS 0x00000000fe800000, 0x00000000fe800000| Untracked 
|  41|0x00000000fe900000, 0x00000000fe900000, 0x00000000fea00000|  0%| F|  |TAMS 0x00000000fe900000, 0x00000000fe900000| Untracked 
|  42|0x00000000fea00000, 0x00000000fea00000, 0x00000000feb00000|  0%| F|  |TAMS 0x00000000fea00000, 0x00000000fea00000| Untracked 
|  43|0x00000000feb00000, 0x00000000feb00000, 0x00000000fec00000|  0%| F|  |TAMS 0x00000000feb00000, 0x00000000feb00000| Untracked 
|  44|0x00000000fec00000, 0x00000000fec00000, 0x00000000fed00000|  0%| F|  |TAMS 0x00000000fec00000, 0x00000000fec00000| Untracked 
|  45|0x00000000fed00000, 0x00000000fed00000, 0x00000000fee00000|  0%| F|  |TAMS 0x00000000fed00000, 0x00000000fed00000| Untracked 
|  46|0x00000000fee00000, 0x00000000fee00000, 0x00000000fef00000|  0%| F|  |TAMS 0x00000000fee00000, 0x00000000fee00000| Untracked 
|  47|0x00000000fef00000, 0x00000000fef00000, 0x00000000ff000000|  0%| F|  |TAMS 0x00000000fef00000, 0x00000000fef00000| Untracked 
|  48|0x00000000ff000000, 0x00000000ff000000, 0x00000000ff100000|  0%| F|  |TAMS 0x00000000ff000000, 0x00000000ff000000| Untracked 
|  49|0x00000000ff100000, 0x00000000ff100000, 0x00000000ff200000|  0%| F|  |TAMS 0x00000000ff100000, 0x00000000ff100000| Untracked 
|  50|0x00000000ff200000, 0x00000000ff200000, 0x00000000ff300000|  0%| F|  |TAMS 0x00000000ff200000, 0x00000000ff200000| Untracked 
|  51|0x00000000ff300000, 0x00000000ff300000, 0x00000000ff400000|  0%| F|  |TAMS 0x00000000ff300000, 0x00000000ff300000| Untracked 
|  52|0x00000000ff400000, 0x00000000ff400000, 0x00000000ff500000|  0%| F|  |TAMS 0x00000000ff400000, 0x00000000ff400000| Untracked 
|  53|0x00000000ff500000, 0x00000000ff500000, 0x00000000ff600000|  0%| F|  |TAMS 0x00000000ff500000, 0x00000000ff500000| Untracked 
|  54|0x00000000ff600000, 0x00000000ff600000, 0x00000000ff700000|  0%| F|  |TAMS 0x00000000ff600000, 0x00000000ff600000| Untracked 
|  55|0x00000000ff700000, 0x00000000ff700000, 0x00000000ff800000|  0%| F|  |TAMS 0x00000000ff700000, 0x00000000ff700000| Untracked 
|  56|0x00000000ff800000, 0x00000000ff800000, 0x00000000ff900000|  0%| F|  |TAMS 0x00000000ff800000, 0x00000000ff800000| Untracked 
|  57|0x00000000ff900000, 0x00000000ff900000, 0x00000000ffa00000|  0%| F|  |TAMS 0x00000000ff900000, 0x00000000ff900000| Untracked 
|  58|0x00000000ffa00000, 0x00000000ffa00000, 0x00000000ffb00000|  0%| F|  |TAMS 0x00000000ffa00000, 0x00000000ffa00000| Untracked 
|  59|0x00000000ffb00000, 0x00000000ffb00000, 0x00000000ffc00000|  0%| F|  |TAMS 0x00000000ffb00000, 0x00000000ffb00000| Untracked 
|  60|0x00000000ffc00000, 0x00000000ffd00000, 0x00000000ffd00000|100%| E|  |TAMS 0x00000000ffc00000, 0x00000000ffc00000| Complete 
|  61|0x00000000ffd00000, 0x00000000ffe00000, 0x00000000ffe00000|100%| E|CS|TAMS 0x00000000ffd00000, 0x00000000ffd00000| Complete 
|  62|0x00000000ffe00000, 0x00000000fff00000, 0x00000000fff00000|100%| E|CS|TAMS 0x00000000ffe00000, 0x00000000ffe00000| Complete 
|  63|0x00000000fff00000, 0x0000000100000000, 0x0000000100000000|100%| E|CS|TAMS 0x00000000fff00000, 0x00000000fff00000| Complete 

Card table byte_map: [0x00000212e3990000,0x00000212e39b0000] _byte_map_base: 0x00000212e31b0000

Marking Bits (Prev, Next): (CMBitMap*) 0x00000212e3b5c3e8, (CMBitMap*) 0x00000212e3b5c420
 Prev Bits: [0x00000212e39d0000, 0x00000212e3ad0000)
 Next Bits: [0x00000212fb2a0000, 0x00000212fb3a0000)

Polling page: 0x00000212e3320000

Metaspace:

Usage:
  Non-class:     15.24 MB capacity,    15.04 MB ( 99%) used,   181.14 KB (  1%) free+waste,    27.25 KB ( <1%) overhead. 
      Class:      2.02 MB capacity,     1.90 MB ( 94%) used,   109.62 KB (  5%) free+waste,    13.31 KB ( <1%) overhead. 
       Both:     17.27 MB capacity,    16.94 MB ( 98%) used,   290.76 KB (  2%) free+waste,    40.56 KB ( <1%) overhead. 

Virtual space:
  Non-class space:       16.00 MB reserved,      15.25 MB ( 95%) committed 
      Class space:        1.00 GB reserved,       2.13 MB ( <1%) committed 
             Both:        1.02 GB reserved,      17.38 MB (  2%) committed 

Chunk freelists:
   Non-Class:  6.00 KB
       Class:  10.00 KB
        Both:  16.00 KB

MaxMetaspaceSize: 17179869184.00 GB
CompressedClassSpaceSize: 1.00 GB
Initial GC threshold: 20.80 MB
Current GC threshold: 20.80 MB
CDS: off

CodeHeap 'non-profiled nmethods': size=120064Kb used=603Kb max_used=603Kb free=119460Kb
 bounds [0x00000212f3d60000, 0x00000212f3fd0000, 0x00000212fb2a0000]
CodeHeap 'profiled nmethods': size=120000Kb used=2961Kb max_used=2961Kb free=117038Kb
 bounds [0x00000212ec830000, 0x00000212ecb20000, 0x00000212f3d60000]
CodeHeap 'non-nmethods': size=5696Kb used=1172Kb max_used=1185Kb free=4523Kb
 bounds [0x00000212ec2a0000, 0x00000212ec510000, 0x00000212ec830000]
 total_blobs=1942 nmethods=1502 adapters=353
 compilation: enabled
              stopped_count=0, restarted_count=0
 full_count=0

Compilation events (20 events):
Event: 14.889 Thread 0x00000212fe1aa800 nmethod 1484 0x00000212ecb0c910 code [0x00000212ecb0cac0, 0x00000212ecb0cc78]
Event: 14.889 Thread 0x00000212fe1aa800 1486       3       org.gradle.internal.logging.text.AbstractLineChoppingStyledTextOutput$1::execute (9 bytes)
Event: 14.889 Thread 0x00000212fe1aa800 nmethod 1486 0x00000212ecb0cd90 code [0x00000212ecb0cf60, 0x00000212ecb0d188]
Event: 14.889 Thread 0x00000212fe1aa800 1487       3       org.gradle.internal.logging.text.AbstractLineChoppingStyledTextOutput$1::execute (140 bytes)
Event: 14.891 Thread 0x00000212fe1aa800 nmethod 1487 0x00000212ecb0d290 code [0x00000212ecb0d5c0, 0x00000212ecb0e678]
Event: 14.891 Thread 0x00000212fe1aa800 1490       3       org.gradle.internal.logging.text.AbstractLineChoppingStyledTextOutput$StateContext::next (11 bytes)
Event: 14.891 Thread 0x00000212fe1aa800 nmethod 1490 0x00000212ecb0ed90 code [0x00000212ecb0ef40, 0x00000212ecb0f038]
Event: 14.891 Thread 0x00000212fe1aa800 1491       3       org.gradle.internal.logging.text.AbstractLineChoppingStyledTextOutput::access$800 (4 bytes)
Event: 14.891 Thread 0x00000212fe1aa800 nmethod 1491 0x00000212ecb0f110 code [0x00000212ecb0f2c0, 0x00000212ecb0f3b8]
Event: 14.891 Thread 0x00000212fe1aa800 1492       3       org.gradle.internal.logging.text.AbstractLineChoppingStyledTextOutput$2::execute (9 bytes)
Event: 14.891 Thread 0x00000212fe1aa800 nmethod 1492 0x00000212ecb0f490 code [0x00000212ecb0f660, 0x00000212ecb0f868]
Event: 14.891 Thread 0x00000212fe1aa800 1493       3       org.gradle.internal.logging.text.AbstractLineChoppingStyledTextOutput$2::execute (77 bytes)
Event: 14.893 Thread 0x00000212fe1aa800 nmethod 1493 0x00000212ecb0f910 code [0x00000212ecb0fba0, 0x00000212ecb10638]
Event: 14.893 Thread 0x00000212fe1aa800 1485       3       org.gradle.internal.logging.text.AbstractLineChoppingStyledTextOutput::access$402 (7 bytes)
Event: 14.893 Thread 0x00000212fe1aa800 nmethod 1485 0x00000212ecb10b10 code [0x00000212ecb10cc0, 0x00000212ecb10df8]
Event: 14.893 Thread 0x00000212fe1aa800 1488       3       org.gradle.internal.logging.text.AbstractLineChoppingStyledTextOutput$SeenFromEol::all (18 bytes)
Event: 14.893 Thread 0x00000212fe1aa800 nmethod 1488 0x00000212ecb10f10 code [0x00000212ecb110c0, 0x00000212ecb11238]
Event: 14.893 Thread 0x00000212fe1aa800 1489       3       org.gradle.internal.logging.text.AbstractLineChoppingStyledTextOutput$SeenFromEol::none (13 bytes)
Event: 14.894 Thread 0x00000212fe1aa800 nmethod 1489 0x00000212ecb11310 code [0x00000212ecb114c0, 0x00000212ecb11618]
Event: 14.894 Thread 0x00000212fe1aa800 1494       3       org.gradle.internal.logging.text.AbstractLineChoppingStyledTextOutput::access$900 (4 bytes)

GC Heap History (6 events):
Event: 1.184 GC heap before
{Heap before GC invocations=0 (full 0):
 garbage-first heap   total 65536K, used 16384K [0x00000000fc000000, 0x0000000100000000)
  region size 1024K, 14 young (14336K), 0 survivors (0K)
 Metaspace       used 7651K, capacity 7825K, committed 7936K, reserved 1056768K
  class space    used 670K, capacity 754K, committed 768K, reserved 1048576K
}
Event: 1.191 GC heap after
{Heap after GC invocations=1 (full 0):
 garbage-first heap   total 65536K, used 3322K [0x00000000fc000000, 0x0000000100000000)
  region size 1024K, 2 young (2048K), 2 survivors (2048K)
 Metaspace       used 7651K, capacity 7825K, committed 7936K, reserved 1056768K
  class space    used 670K, capacity 754K, committed 768K, reserved 1048576K
}
Event: 1.783 GC heap before
{Heap before GC invocations=1 (full 0):
 garbage-first heap   total 65536K, used 18682K [0x00000000fc000000, 0x0000000100000000)
  region size 1024K, 14 young (14336K), 2 survivors (2048K)
 Metaspace       used 10559K, capacity 10726K, committed 11008K, reserved 1058816K
  class space    used 1089K, capacity 1172K, committed 1280K, reserved 1048576K
}
Event: 1.789 GC heap after
{Heap after GC invocations=2 (full 0):
 garbage-first heap   total 65536K, used 9564K [0x00000000fc000000, 0x0000000100000000)
  region size 1024K, 2 young (2048K), 2 survivors (2048K)
 Metaspace       used 10559K, capacity 10726K, committed 11008K, reserved 1058816K
  class space    used 1089K, capacity 1172K, committed 1280K, reserved 1048576K
}
Event: 3.978 GC heap before
{Heap before GC invocations=2 (full 0):
 garbage-first heap   total 65536K, used 32092K [0x00000000fc000000, 0x0000000100000000)
  region size 1024K, 24 young (24576K), 2 survivors (2048K)
 Metaspace       used 15982K, capacity 16312K, committed 16512K, reserved 1064960K
  class space    used 1796K, capacity 1907K, committed 1920K, reserved 1048576K
}
Event: 3.983 GC heap after
{Heap after GC invocations=3 (full 0):
 garbage-first heap   total 65536K, used 11053K [0x00000000fc000000, 0x0000000100000000)
  region size 1024K, 2 young (2048K), 2 survivors (2048K)
 Metaspace       used 15982K, capacity 16312K, committed 16512K, reserved 1064960K
  class space    used 1796K, capacity 1907K, committed 1920K, reserved 1048576K
}

Deoptimization events (20 events):
Event: 4.043 Thread 0x00000212ff434800 Uncommon trap: trap_request=0xffffff4d fr.pc=0x00000212f3d9ec78 relative=0x0000000000000058
Event: 4.043 Thread 0x00000212ff434800 Uncommon trap: reason=unstable_if action=reinterpret pc=0x00000212f3d9ec78 method=java.lang.AbstractStringBuilder.isLatin1()Z @ 10 c2
Event: 4.043 Thread 0x00000212ff434800 DEOPT PACKING pc=0x00000212f3d9ec78 sp=0x0000002d4d1fe5b0
Event: 4.043 Thread 0x00000212ff434800 DEOPT UNPACKING pc=0x00000212ec2ea1af sp=0x0000002d4d1fe540 mode 2
Event: 4.043 Thread 0x00000212ff434800 Uncommon trap: trap_request=0xffffff4d fr.pc=0x00000212f3d96eec relative=0x00000000000000cc
Event: 4.043 Thread 0x00000212ff434800 Uncommon trap: reason=unstable_if action=reinterpret pc=0x00000212f3d96eec method=java.lang.String.getBytes([BIB)V @ 5 c2
Event: 4.043 Thread 0x00000212ff434800 DEOPT PACKING pc=0x00000212f3d96eec sp=0x0000002d4d1fe5f0
Event: 4.043 Thread 0x00000212ff434800 DEOPT UNPACKING pc=0x00000212ec2ea1af sp=0x0000002d4d1fe598 mode 2
Event: 4.043 Thread 0x00000212ff434800 Uncommon trap: trap_request=0xffffff4d fr.pc=0x00000212f3dbadc0 relative=0x0000000000000380
Event: 4.043 Thread 0x00000212ff434800 Uncommon trap: reason=unstable_if action=reinterpret pc=0x00000212f3dbadc0 method=java.lang.AbstractStringBuilder.isLatin1()Z @ 10 c2
Event: 4.043 Thread 0x00000212ff434800 DEOPT PACKING pc=0x00000212f3dbadc0 sp=0x0000002d4d1fe6b0
Event: 4.043 Thread 0x00000212ff434800 DEOPT UNPACKING pc=0x00000212ec2ea1af sp=0x0000002d4d1fe630 mode 2
Event: 9.202 Thread 0x00000212ff434800 Uncommon trap: trap_request=0xffffff4d fr.pc=0x00000212f3d7ab9c relative=0x000000000000007c
Event: 9.202 Thread 0x00000212ff434800 Uncommon trap: reason=unstable_if action=reinterpret pc=0x00000212f3d7ab9c method=java.lang.String.codePointAt(I)I @ 4 c2
Event: 9.202 Thread 0x00000212ff434800 DEOPT PACKING pc=0x00000212f3d7ab9c sp=0x0000002d4d1fe630
Event: 9.202 Thread 0x00000212ff434800 DEOPT UNPACKING pc=0x00000212ec2ea1af sp=0x0000002d4d1fe5c8 mode 2
Event: 14.888 Thread 0x00000212e3b3e000 Uncommon trap: trap_request=0xffffff4d fr.pc=0x00000212f3de8380 relative=0x00000000000001c0
Event: 14.888 Thread 0x00000212e3b3e000 Uncommon trap: reason=unstable_if action=reinterpret pc=0x00000212f3de8380 method=java.net.URI$Parser.scan(IILjava/lang/String;)I @ 26 c2
Event: 14.888 Thread 0x00000212e3b3e000 DEOPT PACKING pc=0x00000212f3de8380 sp=0x0000002d4bafc5d0
Event: 14.888 Thread 0x00000212e3b3e000 DEOPT UNPACKING pc=0x00000212ec2ea1af sp=0x0000002d4bafc560 mode 2

Classes redefined (0 events):
No events

Internal exceptions (20 events):
Event: 0.653 Thread 0x00000212e3b3e000 Exception <a 'java/lang/NoSuchMethodError'{0x00000000ffb55f18}: 'int java.lang.invoke.DirectMethodHandle$Holder.invokeSpecialIFC(java.lang.Object, java.lang.Object, int)'> (0x00000000ffb55f18) thrown at [./src/hotspot/share/interpreter/linkResolver.cpp, line 773]
Event: 1.637 Thread 0x00000212e3b3e000 Implicit null exception at 0x00000212f3da28f5 to 0x00000212f3da2ac4
Event: 1.676 Thread 0x00000212e3b3e000 Exception <a 'java/lang/NoClassDefFoundError'{0x00000000ff6b99c8}: org/slf4j/impl/StaticMarkerBinder> (0x00000000ff6b99c8) thrown at [./src/hotspot/share/classfile/systemDictionary.cpp, line 219]
Event: 1.705 Thread 0x00000212e3b3e000 Exception <a 'java/lang/NoSuchMethodError'{0x00000000ff5b81a8}: 'java.lang.Object java.lang.invoke.DirectMethodHandle$Holder.invokeVirtual(java.lang.Object, java.lang.Object, java.lang.Object, java.lang.Object, java.lang.Object, java.lang.Object, java.lang.Object)'> (0x00000000ff5b81a8) thrown at [./src/hotspot/share/interpreter/linkResolver.cpp, line 773]
Event: 1.709 Thread 0x00000212e3b3e000 Exception <a 'java/lang/NoSuchMethodError'{0x00000000ff5cc398}: 'java.lang.Object java.lang.invoke.Invokers$Holder.invoker(java.lang.Object, java.lang.Object, java.lang.Object)'> (0x00000000ff5cc398) thrown at [./src/hotspot/share/interpreter/linkResolver.cpp, line 773]
Event: 1.715 Thread 0x00000212e3b3e000 Exception <a 'java/lang/NoSuchMethodError'{0x00000000ff5dcef0}: 'void java.lang.invoke.DelegatingMethodHandle$Holder.delegate(java.lang.Object, java.lang.Object, int, java.lang.Object)'> (0x00000000ff5dcef0) thrown at [./src/hotspot/share/interpreter/linkResolver.cpp, line 773]
Event: 1.971 Thread 0x00000212e3b3e000 Exception <a 'java/lang/NoSuchMethodError'{0x00000000ff91a748}: 'java.lang.Object java.lang.invoke.DirectMethodHandle$Holder.invokeInterface(java.lang.Object, java.lang.Object, java.lang.Object)'> (0x00000000ff91a748) thrown at [./src/hotspot/share/interpreter/linkResolver.cpp, line 773]
Event: 2.110 Thread 0x00000212e3b3e000 Exception <a 'java/lang/NoSuchMethodError'{0x00000000ff672be0}: 'java.lang.Object java.lang.invoke.DirectMethodHandle$Holder.invokeStaticInit(java.lang.Object, java.lang.Object, java.lang.Object)'> (0x00000000ff672be0) thrown at [./src/hotspot/share/interpreter/linkResolver.cpp, line 773]
Event: 2.300 Thread 0x00000212e3b3e000 Exception <a 'java/lang/NoSuchMethodError'{0x00000000fef22068}: 'java.lang.Object java.lang.invoke.DirectMethodHandle$Holder.invokeStaticInit(java.lang.Object, int, int, int, int)'> (0x00000000fef22068) thrown at [./src/hotspot/share/interpreter/linkResolver.cpp, line 773]
Event: 2.836 Thread 0x00000212e3b3e000 Exception <a 'java/lang/NoSuchMethodError'{0x00000000fef7da78}: 'java.lang.Object java.lang.invoke.DirectMethodHandle$Holder.invokeStaticInit(java.lang.Object, java.lang.Object, int, int, int, int)'> (0x00000000fef7da78) thrown at [./src/hotspot/share/interpreter/linkResolver.cpp, line 773]
Event: 3.629 Thread 0x00000212e3b3e000 Implicit null exception at 0x00000212f3d96374 to 0x00000212f3d96878
Event: 3.630 Thread 0x00000212e3b3e000 Implicit null exception at 0x00000212f3da4c74 to 0x00000212f3da514c
Event: 3.643 Thread 0x00000212e3b3e000 Exception <a 'java/net/ConnectException'{0x00000000fee80258}: Connection refused: no further information> (0x00000000fee80258) thrown at [./src/hotspot/share/prims/jni.cpp, line 638]
Event: 4.012 Thread 0x00000212ff434800 Exception <a 'java/lang/NoSuchMethodError'{0x00000000fff95318}: 'void java.lang.invoke.DirectMethodHandle$Holder.invokeStatic(java.lang.Object, long)'> (0x00000000fff95318) thrown at [./src/hotspot/share/interpreter/linkResolver.cpp, line 773]
Event: 4.013 Thread 0x00000212ff434800 Exception <a 'java/lang/NoSuchMethodError'{0x00000000fff9a280}: 'java.lang.Object java.lang.invoke.DirectMethodHandle$Holder.invokeStatic(java.lang.Object, long)'> (0x00000000fff9a280) thrown at [./src/hotspot/share/interpreter/linkResolver.cpp, line 773]
Event: 4.016 Thread 0x00000212ff434800 Exception <a 'java/lang/NoSuchMethodError'{0x00000000fffa83c0}: 'java.lang.Object java.lang.invoke.DirectMethodHandle$Holder.invokeStaticInit(java.lang.Object, java.lang.Object, long, java.lang.Object)'> (0x00000000fffa83c0) thrown at [./src/hotspot/share/interpreter/linkResolver.cpp, line 773]
Event: 4.017 Thread 0x00000212ff434800 Exception <a 'java/lang/NoSuchMethodError'{0x00000000fffae2b0}: 'java.lang.Object java.lang.invoke.DirectMethodHandle$Holder.invokeStatic(java.lang.Object, java.lang.Object, long)'> (0x00000000fffae2b0) thrown at [./src/hotspot/share/interpreter/linkResolver.cpp, line 773]
Event: 4.018 Thread 0x00000212ff434800 Exception <a 'java/lang/NoSuchMethodError'{0x00000000fffb4580}: 'java.lang.Object java.lang.invoke.Invokers$Holder.linkToTargetMethod(java.lang.Object, long, java.lang.Object)'> (0x00000000fffb4580) thrown at [./src/hotspot/share/interpreter/linkResolver.cpp, line 773]
Event: 14.873 Thread 0x00000212e3b3e000 Exception <a 'java/io/IOException'{0x00000000ffdf6600}> (0x00000000ffdf6600) thrown at [./src/hotspot/share/prims/jni.cpp, line 617]
Event: 14.886 Thread 0x00000212e3b3e000 Exception <a 'java/lang/NoSuchMethodError'{0x00000000ffc88c40}: 'int java.lang.invoke.DirectMethodHandle$Holder.invokeVirtual(java.lang.Object, java.lang.Object)'> (0x00000000ffc88c40) thrown at [./src/hotspot/share/interpreter/linkResolver.cpp, line 773]

Events (20 events):
Event: 14.804 loading class java/io/Bits
Event: 14.804 loading class java/io/Bits done
Event: 14.804 loading class org/gradle/internal/serialize/ExceptionReplacingObjectInputStream$1
Event: 14.804 loading class org/gradle/internal/serialize/ExceptionReplacingObjectInputStream$1 done
Event: 14.873 loading class com/google/common/base/Objects
Event: 14.873 loading class com/google/common/base/Objects done
Event: 14.873 loading class com/google/common/base/ExtraObjectsMethodsForWeb
Event: 14.873 loading class com/google/common/base/ExtraObjectsMethodsForWeb done
Event: 14.875 loading class org/slf4j/helpers/MessageFormatter
Event: 14.875 loading class org/slf4j/helpers/MessageFormatter done
Event: 14.876 loading class org/slf4j/helpers/FormattingTuple
Event: 14.876 loading class org/slf4j/helpers/FormattingTuple done
Event: 14.877 loading class org/gradle/util/internal/LimitedDescription
Event: 14.877 loading class org/gradle/util/internal/LimitedDescription done
Event: 14.883 loading class com/google/common/collect/Lists$ReverseList
Event: 14.883 loading class com/google/common/collect/Lists$ReverseList done
Event: 14.884 loading class com/google/common/collect/Lists$ReverseList$1
Event: 14.884 loading class com/google/common/collect/Lists$ReverseList$1 done
Event: 14.887 loading class org/gradle/internal/logging/ConsoleRenderer
Event: 14.887 loading class org/gradle/internal/logging/ConsoleRenderer done


Dynamic libraries:
0x00007ff608640000 - 0x00007ff60864d000 	C:\Program Files\OpenJDK\openjdk-11.0.15_10\bin\java.exe
0x00007ff9f7910000 - 0x00007ff9f7b08000 	C:\Windows\SYSTEM32\ntdll.dll
0x00007ff9f5970000 - 0x00007ff9f5a2f000 	C:\Windows\System32\KERNEL32.DLL
0x00007ff9f4ff0000 - 0x00007ff9f52e6000 	C:\Windows\System32\KERNELBASE.dll
0x00007ff9f53a0000 - 0x00007ff9f54a0000 	C:\Windows\System32\ucrtbase.dll
0x00007ff9d48d0000 - 0x00007ff9d48e6000 	C:\Program Files\OpenJDK\openjdk-11.0.15_10\bin\VCRUNTIME140.dll
0x00007ff9d5690000 - 0x00007ff9d56a8000 	C:\Program Files\OpenJDK\openjdk-11.0.15_10\bin\jli.dll
0x00007ff9f5a30000 - 0x00007ff9f5bcd000 	C:\Windows\System32\USER32.dll
0x00007ff9f52f0000 - 0x00007ff9f5312000 	C:\Windows\System32\win32u.dll
0x00007ff9f7820000 - 0x00007ff9f784c000 	C:\Windows\System32\GDI32.dll
0x00007ff9f56f0000 - 0x00007ff9f5805000 	C:\Windows\System32\gdi32full.dll
0x00007ff9f5650000 - 0x00007ff9f56ed000 	C:\Windows\System32\msvcp_win.dll
0x00007ff9e6780000 - 0x00007ff9e6a1a000 	C:\Windows\WinSxS\amd64_microsoft.windows.common-controls_6595b64144ccf1df_6.0.19041.1110_none_60b5254171f9507e\COMCTL32.dll
0x00007ff9f5c30000 - 0x00007ff9f5cce000 	C:\Windows\System32\msvcrt.dll
0x00007ff9f61d0000 - 0x00007ff9f6200000 	C:\Windows\System32\IMM32.DLL
0x00007ff9b6dc0000 - 0x00007ff9b6e6a000 	C:\Program Files\OpenJDK\openjdk-11.0.15_10\bin\msvcp140.dll
0x00007ff9a6f70000 - 0x00007ff9a7ac1000 	C:\Program Files\OpenJDK\openjdk-11.0.15_10\bin\server\jvm.dll
0x00007ff9f64e0000 - 0x00007ff9f658f000 	C:\Windows\System32\ADVAPI32.dll
0x00007ff9f6ad0000 - 0x00007ff9f6b6c000 	C:\Windows\System32\sechost.dll
0x00007ff9f68f0000 - 0x00007ff9f6a16000 	C:\Windows\System32\RPCRT4.dll
0x00007ff9f7810000 - 0x00007ff9f7818000 	C:\Windows\System32\PSAPI.DLL
0x00007ff9e70e0000 - 0x00007ff9e7107000 	C:\Windows\SYSTEM32\WINMM.dll
0x00007ff9e8be0000 - 0x00007ff9e8bea000 	C:\Windows\SYSTEM32\VERSION.dll
0x00007ff9ef6b0000 - 0x00007ff9ef6b9000 	C:\Windows\SYSTEM32\WSOCK32.dll
0x00007ff9f6740000 - 0x00007ff9f67ab000 	C:\Windows\System32\WS2_32.dll
0x00007ff9f3840000 - 0x00007ff9f3852000 	C:\Windows\SYSTEM32\kernel.appcore.dll
0x00007ff9d4890000 - 0x00007ff9d48a1000 	C:\Program Files\OpenJDK\openjdk-11.0.15_10\bin\verify.dll
0x00007ff9dfd50000 - 0x00007ff9dff34000 	C:\Windows\SYSTEM32\DBGHELP.DLL
0x00007ff9dfce0000 - 0x00007ff9dfd14000 	C:\Windows\SYSTEM32\dbgcore.DLL
0x00007ff9f55c0000 - 0x00007ff9f5642000 	C:\Windows\System32\bcryptPrimitives.dll
0x00007ff9d1ef0000 - 0x00007ff9d1f19000 	C:\Program Files\OpenJDK\openjdk-11.0.15_10\bin\java.dll
0x00007ff9ef670000 - 0x00007ff9ef67a000 	C:\Program Files\OpenJDK\openjdk-11.0.15_10\bin\jimage.dll
0x00007ff9d43a0000 - 0x00007ff9d43b8000 	C:\Program Files\OpenJDK\openjdk-11.0.15_10\bin\zip.dll
0x00007ff9f6b70000 - 0x00007ff9f72b4000 	C:\Windows\System32\SHELL32.dll
0x00007ff9f2c40000 - 0x00007ff9f33d3000 	C:\Windows\SYSTEM32\windows.storage.dll
0x00007ff9f74b0000 - 0x00007ff9f7804000 	C:\Windows\System32\combase.dll
0x00007ff9f49e0000 - 0x00007ff9f4a0e000 	C:\Windows\SYSTEM32\Wldp.dll
0x00007ff9f6a20000 - 0x00007ff9f6acd000 	C:\Windows\System32\SHCORE.dll
0x00007ff9f5bd0000 - 0x00007ff9f5c25000 	C:\Windows\System32\shlwapi.dll
0x00007ff9f4f30000 - 0x00007ff9f4f4f000 	C:\Windows\SYSTEM32\profapi.dll
0x00007ff9d2580000 - 0x00007ff9d2599000 	C:\Program Files\OpenJDK\openjdk-11.0.15_10\bin\net.dll
0x00007ff9e9a30000 - 0x00007ff9e9b3a000 	C:\Windows\SYSTEM32\WINHTTP.dll
0x00007ff9f46d0000 - 0x00007ff9f473a000 	C:\Windows\system32\mswsock.dll
0x00007ff9d1f50000 - 0x00007ff9d1f63000 	C:\Program Files\OpenJDK\openjdk-11.0.15_10\bin\nio.dll
0x00007ff9cfa40000 - 0x00007ff9cfa67000 	C:\Users\Sarmad\.gradle\native\e1d6ef7f7dcc3fd88c89a11ec53ec762bb8ba0a96d01ffa2cd45eb1d1d8dd5c5\windows-amd64\native-platform.dll
0x00007ff9ef240000 - 0x00007ff9ef24a000 	C:\Users\Sarmad\.gradle\native\jansi\1.18\windows64\jansi.dll
0x00007ff9ed7c0000 - 0x00007ff9ed7c9000 	C:\Program Files\OpenJDK\openjdk-11.0.15_10\bin\management.dll
0x00007ff9ed6d0000 - 0x00007ff9ed6dc000 	C:\Program Files\OpenJDK\openjdk-11.0.15_10\bin\management_ext.dll
0x00007ff9f48d0000 - 0x00007ff9f48e8000 	C:\Windows\SYSTEM32\CRYPTSP.dll
0x00007ff9f3ff0000 - 0x00007ff9f4024000 	C:\Windows\system32\rsaenh.dll
0x00007ff9f5370000 - 0x00007ff9f5397000 	C:\Windows\System32\bcrypt.dll
0x00007ff9f4ef0000 - 0x00007ff9f4f1e000 	C:\Windows\SYSTEM32\USERENV.dll
0x00007ff9f48c0000 - 0x00007ff9f48cc000 	C:\Windows\SYSTEM32\CRYPTBASE.dll
0x00007ff9f43c0000 - 0x00007ff9f43fc000 	C:\Windows\SYSTEM32\IPHLPAPI.DLL
0x00007ff9f6640000 - 0x00007ff9f6648000 	C:\Windows\System32\NSI.dll
0x00007ff9ec940000 - 0x00007ff9ec957000 	C:\Windows\SYSTEM32\dhcpcsvc6.DLL
0x00007ff9ec920000 - 0x00007ff9ec93d000 	C:\Windows\SYSTEM32\dhcpcsvc.DLL
0x00007ff9f4400000 - 0x00007ff9f44cb000 	C:\Windows\SYSTEM32\DNSAPI.dll

dbghelp: loaded successfully - version: 4.0.5 - missing functions: none
symbol engine: initialized successfully - sym options: 0x614 - pdb path: .;C:\Program Files\OpenJDK\openjdk-11.0.15_10\bin;C:\Windows\SYSTEM32;C:\Windows\WinSxS\amd64_microsoft.windows.common-controls_6595b64144ccf1df_6.0.19041.1110_none_60b5254171f9507e;C:\Program Files\OpenJDK\openjdk-11.0.15_10\bin\server;C:\Users\Sarmad\.gradle\native\e1d6ef7f7dcc3fd88c89a11ec53ec762bb8ba0a96d01ffa2cd45eb1d1d8dd5c5\windows-amd64;C:\Users\Sarmad\.gradle\native\jansi\1.18\windows64

VM Arguments:
jvm_args: -Xmx64m -Xms64m -Dorg.gradle.appname=gradlew 
java_command: org.gradle.wrapper.GradleWrapperMain app:installDebug -PreactNativeDevServerPort=8081
java_class_path (initial): E:\FYP\inventory\android\\gradle\wrapper\gradle-wrapper.jar
Launcher Type: SUN_STANDARD

[Global flags]
     intx CICompilerCount                          = 3                                         {product} {ergonomic}
     uint ConcGCThreads                            = 1                                         {product} {ergonomic}
     uint G1ConcRefinementThreads                  = 4                                         {product} {ergonomic}
   size_t G1HeapRegionSize                         = 1048576                                   {product} {ergonomic}
    uintx GCDrainStackTargetSize                   = 64                                        {product} {ergonomic}
   size_t InitialHeapSize                          = 67108864                                  {product} {command line}
   size_t MarkStackSize                            = 4194304                                   {product} {ergonomic}
   size_t MaxHeapSize                              = 67108864                                  {product} {command line}
   size_t MaxNewSize                               = 39845888                                  {product} {ergonomic}
   size_t MinHeapDeltaBytes                        = 1048576                                   {product} {ergonomic}
    uintx NonNMethodCodeHeapSize                   = 5830732                                {pd product} {ergonomic}
    uintx NonProfiledCodeHeapSize                  = 122913754                              {pd product} {ergonomic}
    uintx ProfiledCodeHeapSize                     = 122913754                              {pd product} {ergonomic}
    uintx ReservedCodeCacheSize                    = 251658240                              {pd product} {ergonomic}
     bool SegmentedCodeCache                       = true                                      {product} {ergonomic}
     bool UseCompressedClassPointers               = true                                 {lp64_product} {ergonomic}
     bool UseCompressedOops                        = true                                 {lp64_product} {ergonomic}
     bool UseG1GC                                  = true                                      {product} {ergonomic}
     bool UseLargePagesIndividualAllocation        = false                                  {pd product} {ergonomic}

Logging:
Log output configuration:
 #0: stdout all=warning uptime,level,tags
 #1: stderr all=off uptime,level,tags

Environment Variables:
JAVA_HOME=C:\Program Files\OpenJDK\openjdk-11.0.15_10
CLASSPATH=E:\FYP\inventory\android\\gradle\wrapper\gradle-wrapper.jar
PATH=E:\FYP\inventory\android\node_modules\.bin;E:\FYP\inventory\node_modules\.bin;E:\FYP\node_modules\.bin;E:\node_modules\.bin;C:\Program Files\nodejs;E:\FYP\inventory\node_modules\.bin;E:\FYP\node_modules\.bin;E:\node_modules\.bin;C:\Program Files\nodejs\node_modules\npm\node_modules\@npmcli\run-script\lib\node-gyp-bin;C:\Program Files (x86)\VMware\VMware Workstation\bin\;C:\Windows\system32;C:\Windows;C:\Windows\System32\Wbem;C:\Windows\System32\WindowsPowerShell\v1.0\;C:\Windows\System32\OpenSSH\;C:\Program Files\Microsoft SQL Server\150\Tools\Binn\;C:\Program Files\Microsoft SQL Server\Client SDK\ODBC\170\Tools\Binn\;C:\Program Files\dotnet\;C:\Program Files (x86)\Microsoft SQL Server\100\Tools\Binn\;C:\Program Files\Microsoft SQL Server\100\Tools\Binn\;C:\Program Files\Microsoft SQL Server\100\DTS\Binn\;C:\Program Files (x86)\Microsoft SQL Server\100\Tools\Binn\VSShell\Common7\IDE\;C:\Program Files (x86)\Microsoft Visual Studio 9.0\Common7\IDE\PrivateAssemblies\;C:\Program Files (x86)\Microsoft SQL Server\100\DTS\Binn\;C:\ProgramData\chocolatey\bin;C:\Program Files\OpenJDK\openjdk-11.0.15_10\bin;C:\Users\Sarmad\AppData\Local\Android\Sdk\emulator;C:\Users\Sarmad\AppData\Local\Android\Sdk\platform-tools;C:\Users\Sarmad\AppData\Local\Microsoft\WindowsApps;C:\Users\Sarmad\.dotnet\tools;C:\Users\Sarmad\AppData\Local\Programs\Microsoft VS Code\bin;C:\Users\Sarmad\AppData\Roaming\npm;C:\Program Files\nodejs;C:\Users\Sarmad\OneDrive\Documents;C:\Users\Sarmad\Downloads\flutter\bin;E:\FYP\inventory\node_modules\.bin
USERNAME=Sarmad
LANG=en_US.UTF-8
OS=Windows_NT
PROCESSOR_IDENTIFIER=Intel64 Family 6 Model 61 Stepping 4, GenuineIntel



---------------  S Y S T E M  ---------------

OS: Windows 10 , 64 bit Build 19041 (10.0.19041.2913)
OS uptime: 0 days 2:49 hours

CPU:total 4 (initial active 4) (2 cores per cpu, 2 threads per core) family 6 model 61 stepping 4 microcode 0x2d, cmov, cx8, fxsr, mmx, sse, sse2, sse3, ssse3, sse4.1, sse4.2, popcnt, avx, avx2, aes, clmul, erms, rtm, 3dnowpref, lzcnt, ht, tsc, tscinvbit, bmi1, bmi2, adx, fma

Memory: 4k page, system-wide physical 7888M (2856M free)
TotalPageFile size 11686M (AvailPageFile size 2M)
current process WorkingSet (physical memory assigned to process): 92M, peak: 96M
current process commit charge ("private bytes"): 155M, peak: 159M

vm_info: OpenJDK 64-Bit Server VM (11.0.15+10) for windows-amd64 JRE (11.0.15+10), built on Apr 21 2022 21:29:46 by "tester" with MS VC++ 15.5 (VS2017)

END.
