#
# There is insufficient memory for the Java Runtime Environment to continue.
# Native memory allocation (mmap) failed to map 67108864 bytes for Failed to commit area from 0x00000000fc000000 to 0x0000000100000000 of length 67108864.
# Possible reasons:
#   The system is out of physical RAM or swap space
#   The process is running with CompressedOops enabled, and the Java Heap may be blocking the growth of the native heap
# Possible solutions:
#   Reduce memory load on the system
#   Increase physical memory or swap space
#   Check if swap backing store is full
#   Decrease Java heap size (-Xmx/-Xms)
#   Decrease number of Java threads
#   Decrease Java thread stack sizes (-Xss)
#   Set larger code cache with -XX:ReservedCodeCacheSize=
# This output file may be truncated or incomplete.
#
#  Out of Memory Error (./src/hotspot/os/windows/os_windows.cpp:3390), pid=13504, tid=1316
#
# JRE version:  (11.0.15+10) (build )
# Java VM: OpenJDK 64-Bit Server VM (11.0.15+10, mixed mode, sharing, tiered, compressed oops, g1 gc, windows-amd64)
# No core dump will be written. Minidumps are not enabled by default on client versions of Windows
#

---------------  S U M M A R Y ------------

Command Line: -Xmx64m -Xms64m -Dorg.gradle.appname=gradlew org.gradle.wrapper.GradleWrapperMain app:installDebug -PreactNativeDevServerPort=8081

Host: Intel(R) Core(TM) i7-5600U CPU @ 2.60GHz, 4 cores, 7G,  Windows 10 , 64 bit Build 19041 (10.0.19041.2913)
Time: Fri May 19 13:12:59 2023 Pakistan Standard Time elapsed time: 0.018809 seconds (0d 0h 0m 0s)

---------------  T H R E A D  ---------------

Current thread (0x000001944873e000):  JavaThread "Unknown thread" [_thread_in_vm, id=1316, stack(0x000000833c000000,0x000000833c100000)]

Stack: [0x000000833c000000,0x000000833c100000]
Native frames: (J=compiled Java code, j=interpreted, Vv=VM code, C=native code)
V  [jvm.dll+0x64dd3a]
V  [jvm.dll+0x7906c9]
V  [jvm.dll+0x791d9c]
V  [jvm.dll+0x792463]
V  [jvm.dll+0x265048]
V  [jvm.dll+0x64ac9a]
V  [jvm.dll+0x63f205]
V  [jvm.dll+0x32090c]
V  [jvm.dll+0x320792]
V  [jvm.dll+0x326076]
V  [jvm.dll+0x374b2f]
V  [jvm.dll+0x374550]
V  [jvm.dll+0x2fbec8]
V  [jvm.dll+0x2fd036]
V  [jvm.dll+0x769e77]
V  [jvm.dll+0x76b63f]
V  [jvm.dll+0x3819c9]
V  [jvm.dll+0x74c60e]
V  [jvm.dll+0x3f489d]
V  [jvm.dll+0x3f6ab1]
C  [jli.dll+0x51c7]
C  [ucrtbase.dll+0x21bb2]
C  [KERNEL32.DLL+0x17614]
C  [ntdll.dll+0x526a1]


---------------  P R O C E S S  ---------------

Threads class SMR info:
_java_thread_list=0x0000019446502990, length=0, elements={
}

Java Threads: ( => current thread )

Other Threads:
  0x0000019448756000 GCTaskThread "GC Thread#0" [stack: 0x000000833c100000,0x000000833c200000] [id=13600]
  0x000001944875d000 ConcurrentGCThread "G1 Main Marker" [stack: 0x000000833c200000,0x000000833c300000] [id=6012]
  0x000001944875f000 ConcurrentGCThread "G1 Conc#0" [stack: 0x000000833c300000,0x000000833c400000] [id=7548]

[error occurred during error reporting (printing all threads), id 0xc0000005, EXCEPTION_ACCESS_VIOLATION (0xc0000005) at pc=0x00007ff9dd8cb8e7]

VM state:not at safepoint (not fully initialized)

VM Mutex/Monitor currently owned by a thread:  ([mutex/lock_event])
[0x000001944873baa0] Heap_lock - owner thread: 0x000001944873e000

Heap address: 0x00000000fc000000, size: 64 MB, Compressed Oops mode: Non-zero based: 0x00000000fc000000
Narrow klass base: 0x0000000000000000, Narrow klass shift: 0

GC Heap History (0 events):
No events

Deoptimization events (0 events):
No events

Classes redefined (0 events):
No events

Internal exceptions (0 events):
No events

Events (1 events):
Event: 0.009 Loaded shared library C:\Program Files\OpenJDK\openjdk-11.0.15_10\bin\zip.dll


Dynamic libraries:
0x00007ff63db90000 - 0x00007ff63db9d000 	C:\Program Files\OpenJDK\openjdk-11.0.15_10\bin\java.exe
0x00007ffa2f530000 - 0x00007ffa2f728000 	C:\Windows\SYSTEM32\ntdll.dll
0x00007ffa2efc0000 - 0x00007ffa2f07f000 	C:\Windows\System32\KERNEL32.DLL
0x00007ffa2d110000 - 0x00007ffa2d406000 	C:\Windows\System32\KERNELBASE.dll
0x00007ffa2d440000 - 0x00007ffa2d540000 	C:\Windows\System32\ucrtbase.dll
0x00007ffa252c0000 - 0x00007ffa252d6000 	C:\Program Files\OpenJDK\openjdk-11.0.15_10\bin\VCRUNTIME140.dll
0x00007ffa141b0000 - 0x00007ffa141c8000 	C:\Program Files\OpenJDK\openjdk-11.0.15_10\bin\jli.dll
0x00007ffa2e060000 - 0x00007ffa2e1fd000 	C:\Windows\System32\USER32.dll
0x00007ffa1d500000 - 0x00007ffa1d79a000 	C:\Windows\WinSxS\amd64_microsoft.windows.common-controls_6595b64144ccf1df_6.0.19041.1110_none_60b5254171f9507e\COMCTL32.dll
0x00007ffa2d410000 - 0x00007ffa2d432000 	C:\Windows\System32\win32u.dll
0x00007ffa2de90000 - 0x00007ffa2df2e000 	C:\Windows\System32\msvcrt.dll
0x00007ffa2f4b0000 - 0x00007ffa2f4dc000 	C:\Windows\System32\GDI32.dll
0x00007ffa2cf40000 - 0x00007ffa2d055000 	C:\Windows\System32\gdi32full.dll
0x00007ffa2ce10000 - 0x00007ffa2cead000 	C:\Windows\System32\msvcp_win.dll
0x00007ffa2f100000 - 0x00007ffa2f130000 	C:\Windows\System32\IMM32.DLL
0x00007ff9fe160000 - 0x00007ff9fe20a000 	C:\Program Files\OpenJDK\openjdk-11.0.15_10\bin\msvcp140.dll
0x00007ff9dd5c0000 - 0x00007ff9de111000 	C:\Program Files\OpenJDK\openjdk-11.0.15_10\bin\server\jvm.dll
0x00007ffa2e390000 - 0x00007ffa2e43f000 	C:\Windows\System32\ADVAPI32.dll
0x00007ffa2ee70000 - 0x00007ffa2ef0c000 	C:\Windows\System32\sechost.dll
0x00007ffa2df30000 - 0x00007ffa2e056000 	C:\Windows\System32\RPCRT4.dll
0x00007ffa2ef20000 - 0x00007ffa2ef28000 	C:\Windows\System32\PSAPI.DLL
0x00007ffa1e510000 - 0x00007ffa1e51a000 	C:\Windows\SYSTEM32\VERSION.dll
0x00007ffa23170000 - 0x00007ffa23179000 	C:\Windows\SYSTEM32\WSOCK32.dll
0x00007ffa19ac0000 - 0x00007ffa19ae7000 	C:\Windows\SYSTEM32\WINMM.dll
0x00007ffa2f380000 - 0x00007ffa2f3eb000 	C:\Windows\System32\WS2_32.dll
0x00007ffa2b460000 - 0x00007ffa2b472000 	C:\Windows\SYSTEM32\kernel.appcore.dll
0x00007ffa14190000 - 0x00007ffa141a1000 	C:\Program Files\OpenJDK\openjdk-11.0.15_10\bin\verify.dll
0x00007ffa15170000 - 0x00007ffa15354000 	C:\Windows\SYSTEM32\DBGHELP.DLL
0x00007ffa15130000 - 0x00007ffa15164000 	C:\Windows\SYSTEM32\dbgcore.DLL
0x00007ffa2ceb0000 - 0x00007ffa2cf32000 	C:\Windows\System32\bcryptPrimitives.dll
0x00007ffa0f530000 - 0x00007ffa0f559000 	C:\Program Files\OpenJDK\openjdk-11.0.15_10\bin\java.dll
0x00007ffa23070000 - 0x00007ffa2307a000 	C:\Program Files\OpenJDK\openjdk-11.0.15_10\bin\jimage.dll
0x00007ffa11380000 - 0x00007ffa11398000 	C:\Program Files\OpenJDK\openjdk-11.0.15_10\bin\zip.dll

dbghelp: loaded successfully - version: 4.0.5 - missing functions: none
symbol engine: initialized successfully - sym options: 0x614 - pdb path: .;C:\Program Files\OpenJDK\openjdk-11.0.15_10\bin;C:\Windows\SYSTEM32;C:\Windows\WinSxS\amd64_microsoft.windows.common-controls_6595b64144ccf1df_6.0.19041.1110_none_60b5254171f9507e;C:\Program Files\OpenJDK\openjdk-11.0.15_10\bin\server

VM Arguments:
jvm_args: -Xmx64m -Xms64m -Dorg.gradle.appname=gradlew 
java_command: org.gradle.wrapper.GradleWrapperMain app:installDebug -PreactNativeDevServerPort=8081
java_class_path (initial): E:\FYP\inventory\android\\gradle\wrapper\gradle-wrapper.jar
Launcher Type: SUN_STANDARD

[Global flags]
     intx CICompilerCount                          = 3                                         {product} {ergonomic}
     uint ConcGCThreads                            = 1                                         {product} {ergonomic}
     uint G1ConcRefinementThreads                  = 4                                         {product} {ergonomic}
   size_t G1HeapRegionSize                         = 1048576                                   {product} {ergonomic}
    uintx GCDrainStackTargetSize                   = 64                                        {product} {ergonomic}
   size_t InitialHeapSize                          = 67108864                                  {product} {command line}
   size_t MarkStackSize                            = 4194304                                   {product} {ergonomic}
   size_t MaxHeapSize                              = 67108864                                  {product} {command line}
   size_t MinHeapDeltaBytes                        = 1048576                                   {product} {ergonomic}
    uintx NonNMethodCodeHeapSize                   = 5830732                                {pd product} {ergonomic}
    uintx NonProfiledCodeHeapSize                  = 122913754                              {pd product} {ergonomic}
    uintx ProfiledCodeHeapSize                     = 122913754                              {pd product} {ergonomic}
    uintx ReservedCodeCacheSize                    = 251658240                              {pd product} {ergonomic}
     bool SegmentedCodeCache                       = true                                      {product} {ergonomic}
     bool UseCompressedClassPointers               = true                                 {lp64_product} {ergonomic}
     bool UseCompressedOops                        = true                                 {lp64_product} {ergonomic}
     bool UseG1GC                                  = true                                      {product} {ergonomic}
     bool UseLargePagesIndividualAllocation        = false                                  {pd product} {ergonomic}

Logging:
Log output configuration:
 #0: stdout all=warning uptime,level,tags
 #1: stderr all=off uptime,level,tags

Environment Variables:
JAVA_HOME=C:\Program Files\OpenJDK\openjdk-11.0.15_10
CLASSPATH=E:\FYP\inventory\android\\gradle\wrapper\gradle-wrapper.jar
PATH=E:\FYP\inventory\android\node_modules\.bin;E:\FYP\inventory\node_modules\.bin;E:\FYP\node_modules\.bin;E:\node_modules\.bin;C:\Program Files\nodejs;E:\FYP\inventory\node_modules\.bin;E:\FYP\node_modules\.bin;E:\node_modules\.bin;C:\Program Files\nodejs\node_modules\npm\node_modules\@npmcli\run-script\lib\node-gyp-bin;C:\Windows\system32;C:\Windows;C:\Windows\System32\Wbem;C:\Windows\System32\WindowsPowerShell\v1.0\;C:\Windows\System32\OpenSSH\;C:\Program Files\Microsoft SQL Server\150\Tools\Binn\;C:\Program Files\Microsoft SQL Server\Client SDK\ODBC\170\Tools\Binn\;C:\Program Files\dotnet\;C:\Program Files (x86)\Microsoft SQL Server\100\Tools\Binn\;C:\Program Files\Microsoft SQL Server\100\Tools\Binn\;C:\Program Files\Microsoft SQL Server\100\DTS\Binn\;C:\Program Files (x86)\Microsoft SQL Server\100\Tools\Binn\VSShell\Common7\IDE\;C:\Program Files (x86)\Microsoft Visual Studio 9.0\Common7\IDE\PrivateAssemblies\;C:\Program Files (x86)\Microsoft SQL Server\100\DTS\Binn\;C:\ProgramData\chocolatey\bin;C:\Program Files\OpenJDK\openjdk-11.0.15_10\bin;C:\Users\Sarmad\AppData\Local\Android\Sdk\emulator;C:\Users\Sarmad\AppData\Local\Android\Sdk\platform-tools;C:\Users\Sarmad\AppData\Local\Microsoft\WindowsApps;C:\Users\Sarmad\.dotnet\tools;C:\Users\Sarmad\AppData\Local\Programs\Microsoft VS Code\bin;C:\Users\Sarmad\AppData\Roaming\npm;C:\Program Files\nodejs;C:\Users\Sarmad\OneDrive\Documents;C:\Users\Sarmad\Downloads\flutter\bin;E:\FYP\inventory\node_modules\.bin
USERNAME=Sarmad
LANG=en_US.UTF-8
OS=Windows_NT
PROCESSOR_IDENTIFIER=Intel64 Family 6 Model 61 Stepping 4, GenuineIntel



---------------  S Y S T E M  ---------------

OS: Windows 10 , 64 bit Build 19041 (10.0.19041.2913)
OS uptime: 0 days 20:23 hours

CPU:total 4 (initial active 4) (2 cores per cpu, 2 threads per core) family 6 model 61 stepping 4 microcode 0x2d, cmov, cx8, fxsr, mmx, sse, sse2, sse3, ssse3, sse4.1, sse4.2, popcnt, avx, avx2, aes, clmul, erms, rtm, 3dnowpref, lzcnt, ht, tsc, tscinvbit, bmi1, bmi2, adx, fma

Memory: 4k page, system-wide physical 7888M (2356M free)
TotalPageFile size 17985M (AvailPageFile size 4M)
current process WorkingSet (physical memory assigned to process): 9M, peak: 9M
current process commit charge ("private bytes"): 51M, peak: 115M

vm_info: OpenJDK 64-Bit Server VM (11.0.15+10) for windows-amd64 JRE (11.0.15+10), built on Apr 21 2022 21:29:46 by "tester" with MS VC++ 15.5 (VS2017)

END.
